<?xml version="1.0" encoding="utf-8"?>
<TestRun id="fc799f9e-2eeb-4328-b3f3-8a41736739f3" name="trueh@ALEKSANDRPC 2026-03-28 02:26:50" runUser="ALEKSANDRPC\trueh" xmlns="http://microsoft.com/schemas/VisualStudio/TeamTest/2010">
  <Times creation="2026-03-28T02:26:50.1412930+02:00" queuing="2026-03-28T02:26:50.1412935+02:00" start="2026-03-28T02:26:49.7412180+02:00" finish="2026-03-28T02:26:50.8875488+02:00" />
  <TestSettings name="default" id="1853ece1-4a5e-4e3a-898d-022066feaa95">
    <Deployment runDeploymentRoot="trueh_ALEKSANDRPC_2026-03-28_02_26_50" />
  </TestSettings>
  <Results>
    <UnitTestResult executionId="2a99919d-f504-4198-be12-a306b488aeb5" testId="4e44dd3f-15af-81b1-b607-40ead13f8a4f" testName="FileStorage.Infrastructure.Tests.Indexing.SecondaryIndex.SecondaryIndexManagerTests.PutRange_WithEmptyBatch_DoesNothing" computerName="ALEKSANDRPC" duration="00:00:00.0019200" startTime="2026-03-28T02:26:50.1506713+02:00" endTime="2026-03-28T02:26:50.1506717+02:00" testType="13cdc9d9-ddb5-4fa4-a97d-d965ccfc6d4b" outcome="Passed" testListId="8c84fa94-04c1-424b-9868-57a2d4851a1d" relativeResultsDirectory="2a99919d-f504-4198-be12-a306b488aeb5" />
    <UnitTestResult executionId="4a88160f-2d44-49b7-b2f1-a4619b1dd440" testId="5af4b0f4-b8de-c3e9-f88a-41e1bd4811ba" testName="FileStorage.Infrastructure.Tests.Recovery.RecoveryAndCheckpointBoundedContextTests.CompactionCrash_AfterFirstRename_CompletesSecondRename" computerName="ALEKSANDRPC" duration="00:00:00.0018367" startTime="2026-03-28T02:26:50.2299694+02:00" endTime="2026-03-28T02:26:50.2299697+02:00" testType="13cdc9d9-ddb5-4fa4-a97d-d965ccfc6d4b" outcome="Passed" testListId="8c84fa94-04c1-424b-9868-57a2d4851a1d" relativeResultsDirectory="4a88160f-2d44-49b7-b2f1-a4619b1dd440" />
    <UnitTestResult executionId="5abceb2b-5b8e-456d-a624-de47198f5d41" testId="ed3b8e8b-4017-b7b4-12e5-7146ccf37eac" testName="FileStorage.Infrastructure.Tests.Indexing.SecondaryIndex.BloomFilterTests.Create_HasNoFalseNegatives_ForInsertedKeys" computerName="ALEKSANDRPC" duration="00:00:00.0011794" startTime="2026-03-28T02:26:50.1408940+02:00" endTime="2026-03-28T02:26:50.1408940+02:00" testType="13cdc9d9-ddb5-4fa4-a97d-d965ccfc6d4b" outcome="Passed" testListId="8c84fa94-04c1-424b-9868-57a2d4851a1d" relativeResultsDirectory="5abceb2b-5b8e-456d-a624-de47198f5d41" />
    <UnitTestResult executionId="ed389c6c-763a-4056-b1c4-3ffcc0449882" testId="3a5bf957-6d89-2e54-2c87-0a8e1a2dcc2a" testName="FileStorage.Infrastructure.Tests.Concurrency.AsyncReaderWriterLockTests.Dispose_WakesWaitingSynchronousWriter" computerName="ALEKSANDRPC" duration="00:00:00.1098113" startTime="2026-03-28T02:26:50.3445091+02:00" endTime="2026-03-28T02:26:50.3445094+02:00" testType="13cdc9d9-ddb5-4fa4-a97d-d965ccfc6d4b" outcome="Passed" testListId="8c84fa94-04c1-424b-9868-57a2d4851a1d" relativeResultsDirectory="ed389c6c-763a-4056-b1c4-3ffcc0449882" />
    <UnitTestResult executionId="d63b4dac-47a4-44c2-b7ac-254ebb18ee6a" testId="2dbb55a1-3909-6d58-334e-755c91f25435" testName="FileStorage.Infrastructure.Tests.Indexing.SecondaryIndex.SecondaryIndexManagerTests.PutRange_MixedIndexedAndNonIndexedFields_IndexesOnlyActiveFields" computerName="ALEKSANDRPC" duration="00:00:00.0013495" startTime="2026-03-28T02:26:50.1796123+02:00" endTime="2026-03-28T02:26:50.1796123+02:00" testType="13cdc9d9-ddb5-4fa4-a97d-d965ccfc6d4b" outcome="Passed" testListId="8c84fa94-04c1-424b-9868-57a2d4851a1d" relativeResultsDirectory="d63b4dac-47a4-44c2-b7ac-254ebb18ee6a" />
    <UnitTestResult executionId="bc62b9ca-c733-4d21-a530-e1a2da1375cc" testId="6907c03e-7794-ac96-5c06-f01b590f8d19" testName="FileStorage.Infrastructure.Tests.WAL.WalEntrySerializerTests.Serialize_ReadBack_AllParts_AreConsistent" computerName="ALEKSANDRPC" duration="00:00:00.0059410" startTime="2026-03-28T02:26:50.1282773+02:00" endTime="2026-03-28T02:26:50.1282773+02:00" testType="13cdc9d9-ddb5-4fa4-a97d-d965ccfc6d4b" outcome="Passed" testListId="8c84fa94-04c1-424b-9868-57a2d4851a1d" relativeResultsDirectory="bc62b9ca-c733-4d21-a530-e1a2da1375cc" />
    <UnitTestResult executionId="b5a29d13-bb4c-43ea-a04d-6a340b3251f6" testId="299576fb-971e-3793-0f97-7cdc087594d7" testName="FileStorage.Infrastructure.Tests.WAL.WriteAheadLogTests.ReadAll_WhenTailIsCorrupted_TruncatesPhysicalWalTail" computerName="ALEKSANDRPC" duration="00:00:00.0338141" startTime="2026-03-28T02:26:50.2773292+02:00" endTime="2026-03-28T02:26:50.2773296+02:00" testType="13cdc9d9-ddb5-4fa4-a97d-d965ccfc6d4b" outcome="Passed" testListId="8c84fa94-04c1-424b-9868-57a2d4851a1d" relativeResultsDirectory="b5a29d13-bb4c-43ea-a04d-6a340b3251f6" />
    <UnitTestResult executionId="ea1c7092-fd4e-492a-96c9-ad368e8edfec" testId="93a60fd5-f9c9-3cc1-8d27-f5d87c9c217f" testName="FileStorage.Infrastructure.Tests.Indexing.SecondaryIndex.SparseIndexTests.FindStartOffset_ReturnsZero_WhenKeyIsBeforeFirstOrNoEntries" computerName="ALEKSANDRPC" duration="00:00:00.0072730" startTime="2026-03-28T02:26:50.1204613+02:00" endTime="2026-03-28T02:26:50.1204613+02:00" testType="13cdc9d9-ddb5-4fa4-a97d-d965ccfc6d4b" outcome="Passed" testListId="8c84fa94-04c1-424b-9868-57a2d4851a1d" relativeResultsDirectory="ea1c7092-fd4e-492a-96c9-ad368e8edfec" />
    <UnitTestResult executionId="1b71fcdb-916d-4032-977c-1e8c4425340b" testId="ff376909-0fb5-d5cd-ead0-8fd00005af7d" testName="FileStorage.Infrastructure.Tests.Recovery.RecoveryAndCheckpointBoundedContextTests.Recovery_WithCorruptedWalTail_TruncatesTail" computerName="ALEKSANDRPC" duration="00:00:00.0201379" startTime="2026-03-28T02:26:50.1952759+02:00" endTime="2026-03-28T02:26:50.1952761+02:00" testType="13cdc9d9-ddb5-4fa4-a97d-d965ccfc6d4b" outcome="Passed" testListId="8c84fa94-04c1-424b-9868-57a2d4851a1d" relativeResultsDirectory="1b71fcdb-916d-4032-977c-1e8c4425340b" />
    <UnitTestResult executionId="9c78b1e2-41c9-4b43-864a-9fad51a7829e" testId="54e56e1b-72e9-ed4e-7b9b-bc032a64e0a4" testName="FileStorage.Infrastructure.Tests.Recovery.StorageRecoveryBatchTests.Initialize_ReplaysSave_WithExactOffsets" computerName="ALEKSANDRPC" duration="00:00:00.0336681" startTime="2026-03-28T02:26:50.1755846+02:00" endTime="2026-03-28T02:26:50.1755847+02:00" testType="13cdc9d9-ddb5-4fa4-a97d-d965ccfc6d4b" outcome="Passed" testListId="8c84fa94-04c1-424b-9868-57a2d4851a1d" relativeResultsDirectory="9c78b1e2-41c9-4b43-864a-9fad51a7829e" />
    <UnitTestResult executionId="e94e5cac-172e-4f73-9863-584fca7424f0" testId="e409e6a7-be07-00c1-98b5-f0202b9dc8ed" testName="FileStorage.Infrastructure.Tests.WAL.WalBatchPayloadSerializerTests.TryDeserialize_ReturnsFalse_WhenStartMarkerIsCorrupted" computerName="ALEKSANDRPC" duration="00:00:00.0001788" startTime="2026-03-28T02:26:50.1281282+02:00" endTime="2026-03-28T02:26:50.1281282+02:00" testType="13cdc9d9-ddb5-4fa4-a97d-d965ccfc6d4b" outcome="Passed" testListId="8c84fa94-04c1-424b-9868-57a2d4851a1d" relativeResultsDirectory="e94e5cac-172e-4f73-9863-584fca7424f0" />
    <UnitTestResult executionId="5974ad2e-3049-4bcf-b4a9-9919947a2aef" testId="373ee8da-d703-131b-90e1-295e7069e178" testName="FileStorage.Infrastructure.Tests.Serialization.IndexEntrySerializerTests.ReadTableName_ReturnsEmpty_WhenTableLenCorrupted" computerName="ALEKSANDRPC" duration="00:00:00.0002805" startTime="2026-03-28T02:26:50.1280977+02:00" endTime="2026-03-28T02:26:50.1280978+02:00" testType="13cdc9d9-ddb5-4fa4-a97d-d965ccfc6d4b" outcome="Passed" testListId="8c84fa94-04c1-424b-9868-57a2d4851a1d" relativeResultsDirectory="5974ad2e-3049-4bcf-b4a9-9919947a2aef" />
    <UnitTestResult executionId="b140aa14-8b4f-4006-9d20-98ec47929679" testId="43ab9d3d-eb4e-1406-e995-33386b9c88d2" testName="FileStorage.Infrastructure.Tests.Indexing.Primary.MemoryIndexConcurrencyTests.ParallelAddRemoveClear_DoesNotCorrupt" computerName="ALEKSANDRPC" duration="00:00:00.0248438" startTime="2026-03-28T02:26:50.1466255+02:00" endTime="2026-03-28T02:26:50.1466257+02:00" testType="13cdc9d9-ddb5-4fa4-a97d-d965ccfc6d4b" outcome="Passed" testListId="8c84fa94-04c1-424b-9868-57a2d4851a1d" relativeResultsDirectory="b140aa14-8b4f-4006-9d20-98ec47929679" />
    <UnitTestResult executionId="3e70158c-2b5f-4b0d-bd7c-9a24fbb52fba" testId="f855592a-e94b-c792-8427-ecaf68764ad5" testName="FileStorage.Infrastructure.Tests.Indexing.SecondaryIndex.SecondaryIndexManagerTests.RecoverCompaction_WithCompleteMarker_DeletesManifestCorrectly" computerName="ALEKSANDRPC" duration="00:00:00.0089026" startTime="2026-03-28T02:26:50.1205522+02:00" endTime="2026-03-28T02:26:50.1205522+02:00" testType="13cdc9d9-ddb5-4fa4-a97d-d965ccfc6d4b" outcome="Passed" testListId="8c84fa94-04c1-424b-9868-57a2d4851a1d" relativeResultsDirectory="3e70158c-2b5f-4b0d-bd7c-9a24fbb52fba" />
    <UnitTestResult executionId="b50b6fa9-1941-4202-a1ce-5cc0ce45d42a" testId="a87d1046-dbd0-e948-703c-7dd70a7a280f" testName="FileStorage.Infrastructure.Tests.Recovery.RecoveryAndCheckpointBoundedContextTests.ForceCheckpoint_FlushesIndexBeforeData" computerName="ALEKSANDRPC" duration="00:00:00.0007096" startTime="2026-03-28T02:26:50.2307422+02:00" endTime="2026-03-28T02:26:50.2307426+02:00" testType="13cdc9d9-ddb5-4fa4-a97d-d965ccfc6d4b" outcome="Passed" testListId="8c84fa94-04c1-424b-9868-57a2d4851a1d" relativeResultsDirectory="b50b6fa9-1941-4202-a1ce-5cc0ce45d42a" />
    <UnitTestResult executionId="d0691809-419a-4d38-bab5-5b774f3a4b06" testId="590b2ecf-2fc3-5937-2dc8-9dd25c422052" testName="FileStorage.Infrastructure.Tests.StorageEngineLifecycleTests.Dispose_WaitsWhileReadIsInProgress" computerName="ALEKSANDRPC" duration="00:00:00.1744635" startTime="2026-03-28T02:26:50.2815023+02:00" endTime="2026-03-28T02:26:50.2815025+02:00" testType="13cdc9d9-ddb5-4fa4-a97d-d965ccfc6d4b" outcome="Passed" testListId="8c84fa94-04c1-424b-9868-57a2d4851a1d" relativeResultsDirectory="d0691809-419a-4d38-bab5-5b774f3a4b06" />
    <UnitTestResult executionId="09d905bd-9007-403e-a8e2-357dd8f2bf65" testId="5b928fd1-bd99-9690-4833-4031701345a2" testName="FileStorage.Infrastructure.Tests.Recovery.RecoveryAndCheckpointBoundedContextTests.RecoveryReplay_WithStaleOffsets_SkipsEntries" computerName="ALEKSANDRPC" duration="00:00:00.0013644" startTime="2026-03-28T02:26:50.2321568+02:00" endTime="2026-03-28T02:26:50.2321571+02:00" testType="13cdc9d9-ddb5-4fa4-a97d-d965ccfc6d4b" outcome="Passed" testListId="8c84fa94-04c1-424b-9868-57a2d4851a1d" relativeResultsDirectory="09d905bd-9007-403e-a8e2-357dd8f2bf65" />
    <UnitTestResult executionId="c8dbca19-7602-4c3f-b2f8-a93d4f828e89" testId="97707edc-7fd5-805d-8dad-3608d7ec88ca" testName="FileStorage.Infrastructure.Tests.Serialization.IndexEntrySerializerTests.MarkDeleted_SetsDeletedFlag" computerName="ALEKSANDRPC" duration="00:00:00.0001157" startTime="2026-03-28T02:26:50.1282302+02:00" endTime="2026-03-28T02:26:50.1282302+02:00" testType="13cdc9d9-ddb5-4fa4-a97d-d965ccfc6d4b" outcome="Passed" testListId="8c84fa94-04c1-424b-9868-57a2d4851a1d" relativeResultsDirectory="c8dbca19-7602-4c3f-b2f8-a93d4f828e89" />
    <UnitTestResult executionId="47e81d9c-aba5-4cb7-a173-55b0f9a34d56" testId="24de6d61-ad24-386a-a46a-5ae6eb2c9e08" testName="FileStorage.Infrastructure.Tests.Recovery.RecoveryAndCheckpointBoundedContextTests.Checkpoint_WithCrashAfterIndexFlush_RecoversFromWal" computerName="ALEKSANDRPC" duration="00:00:00.0007224" startTime="2026-03-28T02:26:50.1987144+02:00" endTime="2026-03-28T02:26:50.1987146+02:00" testType="13cdc9d9-ddb5-4fa4-a97d-d965ccfc6d4b" outcome="Passed" testListId="8c84fa94-04c1-424b-9868-57a2d4851a1d" relativeResultsDirectory="47e81d9c-aba5-4cb7-a173-55b0f9a34d56" />
    <UnitTestResult executionId="72427260-a421-42d2-a274-3ad270ce405d" testId="92272a64-daca-b4c7-61ce-f54c6341dd3e" testName="FileStorage.Infrastructure.Tests.Indexing.SecondaryIndex.SSTableTests.Lookup_MissingKey_ReturnsEmpty" computerName="ALEKSANDRPC" duration="00:00:00.0185520" startTime="2026-03-28T02:26:50.1295349+02:00" endTime="2026-03-28T02:26:50.1295350+02:00" testType="13cdc9d9-ddb5-4fa4-a97d-d965ccfc6d4b" outcome="Passed" testListId="8c84fa94-04c1-424b-9868-57a2d4851a1d" relativeResultsDirectory="72427260-a421-42d2-a274-3ad270ce405d" />
    <UnitTestResult executionId="3a992dd2-ba86-40db-8679-1a05cfa27afd" testId="68cb6d55-fc60-9eba-3620-06ce79aa4ede" testName="FileStorage.Infrastructure.Tests.Indexing.SecondaryIndex.SecondaryIndexManagerTests.RecoverCompaction_WithMergedButNoCOMPLETE_DeletesOldFiles" computerName="ALEKSANDRPC" duration="00:00:00.0087987" startTime="2026-03-28T02:26:50.1884831+02:00" endTime="2026-03-28T02:26:50.1884835+02:00" testType="13cdc9d9-ddb5-4fa4-a97d-d965ccfc6d4b" outcome="Passed" testListId="8c84fa94-04c1-424b-9868-57a2d4851a1d" relativeResultsDirectory="3a992dd2-ba86-40db-8679-1a05cfa27afd" />
    <UnitTestResult executionId="014b5272-3a85-44df-8090-d755d65e06aa" testId="1d96dff2-f7ce-9cd2-34fd-e5568fce84bc" testName="FileStorage.Infrastructure.Tests.StorageEngineLifecycleTests.NewOperations_ThrowAfterDisposeBegins" computerName="ALEKSANDRPC" duration="00:00:00.0054332" startTime="2026-03-28T02:26:50.2872051+02:00" endTime="2026-03-28T02:26:50.2872054+02:00" testType="13cdc9d9-ddb5-4fa4-a97d-d965ccfc6d4b" outcome="Passed" testListId="8c84fa94-04c1-424b-9868-57a2d4851a1d" relativeResultsDirectory="014b5272-3a85-44df-8090-d755d65e06aa" />
    <UnitTestResult executionId="499ebb8b-7da0-4fcb-bc92-cd8c2a220b84" testId="c5e601c5-e141-cef8-4629-6ae34ab8a70b" testName="FileStorage.Infrastructure.Tests.Indexing.SecondaryIndex.SecondaryIndexManagerTests.PutRange_DuplicateKeySameFieldValue_DeduplicatesInLookup" computerName="ALEKSANDRPC" duration="00:00:00.0024513" startTime="2026-03-28T02:26:50.1531891+02:00" endTime="2026-03-28T02:26:50.1531893+02:00" testType="13cdc9d9-ddb5-4fa4-a97d-d965ccfc6d4b" outcome="Passed" testListId="8c84fa94-04c1-424b-9868-57a2d4851a1d" relativeResultsDirectory="499ebb8b-7da0-4fcb-bc92-cd8c2a220b84" />
    <UnitTestResult executionId="bceace1f-4f8d-433a-a374-8b88ad2c13bb" testId="90bcf603-3fa9-52b4-059c-965bf346a39d" testName="FileStorage.Infrastructure.Tests.Indexing.SecondaryIndex.SecondaryIndexManagerTests.PutRange_UnknownFieldWithoutIndex_IsIgnored" computerName="ALEKSANDRPC" duration="00:00:00.0013508" startTime="2026-03-28T02:26:50.1674734+02:00" endTime="2026-03-28T02:26:50.1674735+02:00" testType="13cdc9d9-ddb5-4fa4-a97d-d965ccfc6d4b" outcome="Passed" testListId="8c84fa94-04c1-424b-9868-57a2d4851a1d" relativeResultsDirectory="bceace1f-4f8d-433a-a374-8b88ad2c13bb" />
    <UnitTestResult executionId="120e2dd1-70cf-454e-88ea-10d9103eec0c" testId="b6627168-c44b-2304-65e0-03e37fc40a5f" testName="FileStorage.Infrastructure.Tests.Indexing.SecondaryIndex.SecondaryIndexManagerTests.PutRange_WithFlushThresholdOne_PersistsAndLookupWorksFromSstable" computerName="ALEKSANDRPC" duration="00:00:00.0144046" startTime="2026-03-28T02:26:50.3692697+02:00" endTime="2026-03-28T02:26:50.3692700+02:00" testType="13cdc9d9-ddb5-4fa4-a97d-d965ccfc6d4b" outcome="Passed" testListId="8c84fa94-04c1-424b-9868-57a2d4851a1d" relativeResultsDirectory="120e2dd1-70cf-454e-88ea-10d9103eec0c" />
    <UnitTestResult executionId="e35c4141-ee10-4272-9f1c-7536e4911ff4" testId="9c31ecc1-5a14-2d15-7b71-d323139a8b84" testName="FileStorage.Infrastructure.Tests.WAL.WriteAheadLogTests.ReadAllStreaming_WhenEnumerationStopsEarly_DoesNotTruncateValidWal" computerName="ALEKSANDRPC" duration="00:00:00.0287937" startTime="2026-03-28T02:26:50.1491212+02:00" endTime="2026-03-28T02:26:50.1491212+02:00" testType="13cdc9d9-ddb5-4fa4-a97d-d965ccfc6d4b" outcome="Passed" testListId="8c84fa94-04c1-424b-9868-57a2d4851a1d" relativeResultsDirectory="e35c4141-ee10-4272-9f1c-7536e4911ff4" />
    <UnitTestResult executionId="1e058a24-4698-43bf-966c-b151374fe0fc" testId="35bb5659-de8c-c819-1259-353ccee63322" testName="FileStorage.Infrastructure.Tests.Indexing.SecondaryIndex.SSTableTests.WriteOpenLookup_RoundTripsUtf8KeysAndGuids" computerName="ALEKSANDRPC" duration="00:00:00.0070871" startTime="2026-03-28T02:26:50.1626292+02:00" endTime="2026-03-28T02:26:50.1626292+02:00" testType="13cdc9d9-ddb5-4fa4-a97d-d965ccfc6d4b" outcome="Passed" testListId="8c84fa94-04c1-424b-9868-57a2d4851a1d" relativeResultsDirectory="1e058a24-4698-43bf-966c-b151374fe0fc" />
    <UnitTestResult executionId="a4276c1c-a335-48a0-bef5-cfea9ac10da8" testId="fe585033-af83-4e58-3b5b-4dc17019e836" testName="FileStorage.Infrastructure.Tests.Indexing.SecondaryIndex.SecondaryIndexManagerTests.TryDeleteFile_AlsoDeletesBloomSidecar" computerName="ALEKSANDRPC" duration="00:00:00.0015872" startTime="2026-03-28T02:26:50.3709186+02:00" endTime="2026-03-28T02:26:50.3709189+02:00" testType="13cdc9d9-ddb5-4fa4-a97d-d965ccfc6d4b" outcome="Passed" testListId="8c84fa94-04c1-424b-9868-57a2d4851a1d" relativeResultsDirectory="a4276c1c-a335-48a0-bef5-cfea9ac10da8" />
    <UnitTestResult executionId="39c781e6-457f-49bc-8ec9-fd18bd6e5b2e" testId="8d606a88-bf91-c035-5a63-3347dcb61e45" testName="FileStorage.Infrastructure.Tests.Serialization.IndexEntrySerializerTests.Write_Throws_WhenBufferTooSmall" computerName="ALEKSANDRPC" duration="00:00:00.0004965" startTime="2026-03-28T02:26:50.1282028+02:00" endTime="2026-03-28T02:26:50.1282028+02:00" testType="13cdc9d9-ddb5-4fa4-a97d-d965ccfc6d4b" outcome="Passed" testListId="8c84fa94-04c1-424b-9868-57a2d4851a1d" relativeResultsDirectory="39c781e6-457f-49bc-8ec9-fd18bd6e5b2e" />
    <UnitTestResult executionId="dba9fbc7-8462-4016-9183-7511e1ff7f8e" testId="dbe2b92c-cc1e-8924-304f-625376c2e64a" testName="FileStorage.Infrastructure.Tests.WAL.WalBatchPayloadSerializerTests.Serialize_ThenTryDeserialize_Roundtrip_Succeeds" computerName="ALEKSANDRPC" duration="00:00:00.0031627" startTime="2026-03-28T02:26:50.1280486+02:00" endTime="2026-03-28T02:26:50.1280486+02:00" testType="13cdc9d9-ddb5-4fa4-a97d-d965ccfc6d4b" outcome="Passed" testListId="8c84fa94-04c1-424b-9868-57a2d4851a1d" relativeResultsDirectory="dba9fbc7-8462-4016-9183-7511e1ff7f8e" />
    <UnitTestResult executionId="64d9c3d8-00ba-41e5-911e-cf38375af46e" testId="61b8f9f6-eed0-d425-e5cd-97bb22571a19" testName="FileStorage.Infrastructure.Tests.Recovery.RecoveryAndCheckpointBoundedContextTests.Recovery_TwiceWithSameWal_IsIdempotent" computerName="ALEKSANDRPC" duration="00:00:00.0043387" startTime="2026-03-28T02:26:50.2221722+02:00" endTime="2026-03-28T02:26:50.2221725+02:00" testType="13cdc9d9-ddb5-4fa4-a97d-d965ccfc6d4b" outcome="Passed" testListId="8c84fa94-04c1-424b-9868-57a2d4851a1d" relativeResultsDirectory="64d9c3d8-00ba-41e5-911e-cf38375af46e" />
    <UnitTestResult executionId="4a56263d-77a7-44c1-861a-39d8d7f7f986" testId="7586a84c-1af0-0f9c-ef08-ca2a49a141ee" testName="FileStorage.Infrastructure.Tests.WAL.WalEntrySerializerTests.TryReadHeader_ReturnsFalse_WhenTableLenIsZero" computerName="ALEKSANDRPC" duration="00:00:00.0000964" startTime="2026-03-28T02:26:50.1293213+02:00" endTime="2026-03-28T02:26:50.1293213+02:00" testType="13cdc9d9-ddb5-4fa4-a97d-d965ccfc6d4b" outcome="Passed" testListId="8c84fa94-04c1-424b-9868-57a2d4851a1d" relativeResultsDirectory="4a56263d-77a7-44c1-861a-39d8d7f7f986" />
    <UnitTestResult executionId="77e1a98e-9669-4952-927b-b1398b2d9a8a" testId="8c53aa30-bfa2-8bf4-eb59-f5e83a786378" testName="FileStorage.Infrastructure.Tests.WriteAheadLogConcurrencyTests.CorruptedTail_TruncatesCorrectly" computerName="ALEKSANDRPC" duration="00:00:00.0377006" startTime="2026-03-28T02:26:50.1445840+02:00" endTime="2026-03-28T02:26:50.1445841+02:00" testType="13cdc9d9-ddb5-4fa4-a97d-d965ccfc6d4b" outcome="Passed" testListId="8c84fa94-04c1-424b-9868-57a2d4851a1d" relativeResultsDirectory="77e1a98e-9669-4952-927b-b1398b2d9a8a" />
    <UnitTestResult executionId="7b84036e-8567-421e-a7d1-5aeffa1c26af" testId="f1123ae2-51a4-670e-8746-ed1eb053a04f" testName="FileStorage.Infrastructure.Tests.StorageEngineLifecycleTests.Dispose_WaitsWhileStreamIsInProgress" computerName="ALEKSANDRPC" duration="00:00:00.1195534" startTime="2026-03-28T02:26:50.4071572+02:00" endTime="2026-03-28T02:26:50.4071575+02:00" testType="13cdc9d9-ddb5-4fa4-a97d-d965ccfc6d4b" outcome="Passed" testListId="8c84fa94-04c1-424b-9868-57a2d4851a1d" relativeResultsDirectory="7b84036e-8567-421e-a7d1-5aeffa1c26af" />
    <UnitTestResult executionId="0fbe75d2-e698-450a-ac46-1e9ee9dd3fa7" testId="0d2b13a5-6b2a-1b51-3aaf-f8a1010bac6f" testName="FileStorage.Infrastructure.Tests.Recovery.RecoveryAndCheckpointBoundedContextTests.RecoveryIdempotency_WithOffsetValidation" computerName="ALEKSANDRPC" duration="00:00:00.0020277" startTime="2026-03-28T02:26:50.2242596+02:00" endTime="2026-03-28T02:26:50.2242599+02:00" testType="13cdc9d9-ddb5-4fa4-a97d-d965ccfc6d4b" outcome="Passed" testListId="8c84fa94-04c1-424b-9868-57a2d4851a1d" relativeResultsDirectory="0fbe75d2-e698-450a-ac46-1e9ee9dd3fa7" />
    <UnitTestResult executionId="5cdb2aad-a5ee-4493-965d-9949a5b26795" testId="7515d42b-09ee-437f-f467-29e15107078e" testName="FileStorage.Infrastructure.Tests.Recovery.StorageRecoveryBatchTests.Initialize_ReplaysSaveBatch_WithExactOffsets" computerName="ALEKSANDRPC" duration="00:00:00.0033371" startTime="2026-03-28T02:26:50.1826868+02:00" endTime="2026-03-28T02:26:50.1826873+02:00" testType="13cdc9d9-ddb5-4fa4-a97d-d965ccfc6d4b" outcome="Passed" testListId="8c84fa94-04c1-424b-9868-57a2d4851a1d" relativeResultsDirectory="5cdb2aad-a5ee-4493-965d-9949a5b26795" />
    <UnitTestResult executionId="1659f7ba-7f8f-4c90-a4b3-c2d8917fb378" testId="41bbf4fb-8aa7-d944-39a7-d0f23133cccc" testName="FileStorage.Infrastructure.Tests.Indexing.SecondaryIndex.SecondaryIndexManagerTests.Compaction_WithManyOldSSTables_PerformsSwapEfficiently" computerName="ALEKSANDRPC" duration="00:00:00.1987173" startTime="2026-03-28T02:26:50.5697122+02:00" endTime="2026-03-28T02:26:50.5697125+02:00" testType="13cdc9d9-ddb5-4fa4-a97d-d965ccfc6d4b" outcome="Passed" testListId="8c84fa94-04c1-424b-9868-57a2d4851a1d" relativeResultsDirectory="1659f7ba-7f8f-4c90-a4b3-c2d8917fb378" />
    <UnitTestResult executionId="6e9948a5-a4fb-4b43-b272-65eaef01ba96" testId="bf500361-1db4-0731-8e3d-a5472eb0ad2d" testName="FileStorage.Infrastructure.Tests.Concurrency.AsyncReaderWriterLockTests.AcquireWriteLock_WaitsForExistingReader" computerName="ALEKSANDRPC" duration="00:00:00.1041147" startTime="2026-03-28T02:26:50.2343307+02:00" endTime="2026-03-28T02:26:50.2343312+02:00" testType="13cdc9d9-ddb5-4fa4-a97d-d965ccfc6d4b" outcome="Passed" testListId="8c84fa94-04c1-424b-9868-57a2d4851a1d" relativeResultsDirectory="6e9948a5-a4fb-4b43-b272-65eaef01ba96" />
    <UnitTestResult executionId="6b2b32c6-da67-4a75-a510-eb09566bc2d4" testId="9ae53125-17ee-8ffa-1183-e0ea286bfbb7" testName="FileStorage.Infrastructure.Tests.WAL.WalBatchPayloadSerializerTests.TryDeserialize_ReturnsFalse_WhenCrcIsCorrupted" computerName="ALEKSANDRPC" duration="00:00:00.0071057" startTime="2026-03-28T02:26:50.1204171+02:00" endTime="2026-03-28T02:26:50.1204172+02:00" testType="13cdc9d9-ddb5-4fa4-a97d-d965ccfc6d4b" outcome="Passed" testListId="8c84fa94-04c1-424b-9868-57a2d4851a1d" relativeResultsDirectory="6b2b32c6-da67-4a75-a510-eb09566bc2d4" />
    <UnitTestResult executionId="a53eee0b-fd43-442e-9b74-99b1840ca407" testId="8bba8991-5b72-0c6e-20e7-2d128075424d" testName="FileStorage.Infrastructure.Tests.Recovery.StorageRecoveryBatchTests.Initialize_WhenSaveBatchExceedsCurrentFileSizeButMatchesCursor_ReplaysBatch" computerName="ALEKSANDRPC" duration="00:00:00.0031324" startTime="2026-03-28T02:26:50.1859031+02:00" endTime="2026-03-28T02:26:50.1859035+02:00" testType="13cdc9d9-ddb5-4fa4-a97d-d965ccfc6d4b" outcome="Passed" testListId="8c84fa94-04c1-424b-9868-57a2d4851a1d" relativeResultsDirectory="a53eee0b-fd43-442e-9b74-99b1840ca407" />
    <UnitTestResult executionId="ebe25920-6399-4f12-a63a-b74b01971964" testId="8e1814b3-6b60-2de2-0ea5-c18ccff6b27d" testName="FileStorage.Infrastructure.Tests.WriteAheadLogConcurrencyTests.MultipleOpenClose_DoesNotLeak" computerName="ALEKSANDRPC" duration="00:00:00.6989369" startTime="2026-03-28T02:26:50.8435307+02:00" endTime="2026-03-28T02:26:50.8435312+02:00" testType="13cdc9d9-ddb5-4fa4-a97d-d965ccfc6d4b" outcome="Passed" testListId="8c84fa94-04c1-424b-9868-57a2d4851a1d" relativeResultsDirectory="ebe25920-6399-4f12-a63a-b74b01971964" />
    <UnitTestResult executionId="bdbd7830-c7c1-4643-ac59-fd663d29f7c4" testId="3cd7fb4c-f2b7-b6e3-dcc9-aa2dadf13c89" testName="FileStorage.Infrastructure.Tests.Recovery.RecoveryAndCheckpointBoundedContextTests.Checkpoint_FlushesBeforeTruncation" computerName="ALEKSANDRPC" duration="00:00:00.0016213" startTime="2026-03-28T02:26:50.1697806+02:00" endTime="2026-03-28T02:26:50.1697808+02:00" testType="13cdc9d9-ddb5-4fa4-a97d-d965ccfc6d4b" outcome="Passed" testListId="8c84fa94-04c1-424b-9868-57a2d4851a1d" relativeResultsDirectory="bdbd7830-c7c1-4643-ac59-fd663d29f7c4" />
    <UnitTestResult executionId="34691f48-e77d-4df8-a5b9-b8c6b8ef119c" testId="3fcb387f-a082-eb8e-5572-8756eae76fc5" testName="FileStorage.Infrastructure.Tests.Indexing.SecondaryIndex.SSTableTests.Open_RebuildsSparseIndex_AndLookupWorksAcrossManyEntries" computerName="ALEKSANDRPC" duration="00:00:00.0144064" startTime="2026-03-28T02:26:50.1553138+02:00" endTime="2026-03-28T02:26:50.1553140+02:00" testType="13cdc9d9-ddb5-4fa4-a97d-d965ccfc6d4b" outcome="Passed" testListId="8c84fa94-04c1-424b-9868-57a2d4851a1d" relativeResultsDirectory="34691f48-e77d-4df8-a5b9-b8c6b8ef119c" />
    <UnitTestResult executionId="d740a7df-1daf-40a5-a613-d4e31c815855" testId="ff66c26d-2009-49a4-269d-6260a04ca898" testName="FileStorage.Infrastructure.Tests.Recovery.RecoveryAndCheckpointBoundedContextTests.Recovery_WithInterruptedCompaction_RecoversBothTmpStates" computerName="ALEKSANDRPC" duration="00:00:00.0025951" startTime="2026-03-28T02:26:50.1979361+02:00" endTime="2026-03-28T02:26:50.1979364+02:00" testType="13cdc9d9-ddb5-4fa4-a97d-d965ccfc6d4b" outcome="Passed" testListId="8c84fa94-04c1-424b-9868-57a2d4851a1d" relativeResultsDirectory="d740a7df-1daf-40a5-a613-d4e31c815855" />
    <UnitTestResult executionId="5a19f72d-244c-4478-bb16-9ae301a5a4a8" testId="5a504f91-d511-4040-7f36-1d28d3dd8f01" testName="FileStorage.Infrastructure.Tests.WriteAheadLogConcurrencyTests.AppendBeforeInMemoryChange_Enforced" computerName="ALEKSANDRPC" duration="00:00:00.0070907" startTime="2026-03-28T02:26:50.8507418+02:00" endTime="2026-03-28T02:26:50.8507422+02:00" testType="13cdc9d9-ddb5-4fa4-a97d-d965ccfc6d4b" outcome="Passed" testListId="8c84fa94-04c1-424b-9868-57a2d4851a1d" relativeResultsDirectory="5a19f72d-244c-4478-bb16-9ae301a5a4a8" />
    <UnitTestResult executionId="69bb16b8-8ea4-432d-843a-83e42904dc32" testId="ebdf2f99-9ac6-822b-b67c-29a316310715" testName="FileStorage.Infrastructure.Tests.StorageEngineTests.SaveAsync_UsesWalFirst_Order" computerName="ALEKSANDRPC" duration="00:00:00.0449497" startTime="2026-03-28T02:26:50.1784937+02:00" endTime="2026-03-28T02:26:50.1784939+02:00" testType="13cdc9d9-ddb5-4fa4-a97d-d965ccfc6d4b" outcome="Passed" testListId="8c84fa94-04c1-424b-9868-57a2d4851a1d" relativeResultsDirectory="69bb16b8-8ea4-432d-843a-83e42904dc32" />
    <UnitTestResult executionId="1e876ec2-ea43-494d-8d21-b5fcf1b75b16" testId="cc65b602-0b3d-a4b0-b98c-fc931894e219" testName="FileStorage.Infrastructure.Tests.Serialization.IndexEntrySerializerTests.Write_ThenReadBack_AllFields_AreConsistent" computerName="ALEKSANDRPC" duration="00:00:00.0003902" startTime="2026-03-28T02:26:50.1281714+02:00" endTime="2026-03-28T02:26:50.1281715+02:00" testType="13cdc9d9-ddb5-4fa4-a97d-d965ccfc6d4b" outcome="Passed" testListId="8c84fa94-04c1-424b-9868-57a2d4851a1d" relativeResultsDirectory="1e876ec2-ea43-494d-8d21-b5fcf1b75b16" />
    <UnitTestResult executionId="6120bfe0-3068-4e4b-b997-601afef26d9f" testId="5bf8bf3b-819c-0524-5a0f-f9d03ae0dcff" testName="FileStorage.Infrastructure.Tests.WAL.WriteAheadLogTests.ReadAll_WhenTailIsCorrupted_ReturnsValidPrefixOnly" computerName="ALEKSANDRPC" duration="00:00:00.0321719" startTime="2026-03-28T02:26:50.1814369+02:00" endTime="2026-03-28T02:26:50.1814370+02:00" testType="13cdc9d9-ddb5-4fa4-a97d-d965ccfc6d4b" outcome="Passed" testListId="8c84fa94-04c1-424b-9868-57a2d4851a1d" relativeResultsDirectory="6120bfe0-3068-4e4b-b997-601afef26d9f" />
    <UnitTestResult executionId="1ec34a05-4b3c-45ed-abe9-bdb1e4e69b28" testId="db174fbe-32bd-f24a-65a1-b4933d15c747" testName="FileStorage.Infrastructure.Tests.Indexing.SecondaryIndex.SSTableIteratorTests.Dispose_IsIdempotent" computerName="ALEKSANDRPC" duration="00:00:00.0139073" startTime="2026-03-28T02:26:50.1453070+02:00" endTime="2026-03-28T02:26:50.1453071+02:00" testType="13cdc9d9-ddb5-4fa4-a97d-d965ccfc6d4b" outcome="Passed" testListId="8c84fa94-04c1-424b-9868-57a2d4851a1d" relativeResultsDirectory="1ec34a05-4b3c-45ed-abe9-bdb1e4e69b28" />
    <UnitTestResult executionId="30b6f4ee-bc24-4cbf-8911-2250297a5dcb" testId="ca70edda-8382-88f9-7e58-8df55e158857" testName="FileStorage.Infrastructure.Tests.WAL.WalBatchPayloadSerializerTests.TryDeserialize_ReturnsFalse_WhenCommitMarkerIsCorrupted" computerName="ALEKSANDRPC" duration="00:00:00.0001870" startTime="2026-03-28T02:26:50.1204968+02:00" endTime="2026-03-28T02:26:50.1204969+02:00" testType="13cdc9d9-ddb5-4fa4-a97d-d965ccfc6d4b" outcome="Passed" testListId="8c84fa94-04c1-424b-9868-57a2d4851a1d" relativeResultsDirectory="30b6f4ee-bc24-4cbf-8911-2250297a5dcb" />
    <UnitTestResult executionId="d30ba056-6676-4e37-9dd5-ecc101519d20" testId="2cf11c7c-8968-fcaf-f265-4df417ec0b28" testName="FileStorage.Infrastructure.Tests.Indexing.SecondaryIndex.BloomFilterTests.SaveLoad_RoundTrip_PreservesMembershipBehavior" computerName="ALEKSANDRPC" duration="00:00:00.0227280" startTime="2026-03-28T02:26:50.1295914+02:00" endTime="2026-03-28T02:26:50.1295914+02:00" testType="13cdc9d9-ddb5-4fa4-a97d-d965ccfc6d4b" outcome="Passed" testListId="8c84fa94-04c1-424b-9868-57a2d4851a1d" relativeResultsDirectory="d30ba056-6676-4e37-9dd5-ecc101519d20" />
    <UnitTestResult executionId="396f1fec-9d5d-45ae-be40-e36385d498bf" testId="9334e690-5714-1391-2722-4737b4f23875" testName="FileStorage.Infrastructure.Tests.Indexing.SecondaryIndex.MemTableTests.Freeze_ReturnsSortedSnapshot_AndClearsMemTable" computerName="ALEKSANDRPC" duration="00:00:00.0016864" startTime="2026-03-28T02:26:50.1295068+02:00" endTime="2026-03-28T02:26:50.1295068+02:00" testType="13cdc9d9-ddb5-4fa4-a97d-d965ccfc6d4b" outcome="Passed" testListId="8c84fa94-04c1-424b-9868-57a2d4851a1d" relativeResultsDirectory="396f1fec-9d5d-45ae-be40-e36385d498bf" />
    <UnitTestResult executionId="850d4e8f-b62a-49aa-baab-9bc48735bea6" testId="86a83203-95f8-1b66-8214-b9c920481474" testName="FileStorage.Infrastructure.Tests.RegionProviderConcurrencyTests.Reopen_DisposeOldRegion_NoUseAfterDispose" computerName="ALEKSANDRPC" duration="00:00:00.0016686" startTime="2026-03-28T02:26:50.1642598+02:00" endTime="2026-03-28T02:26:50.1642599+02:00" testType="13cdc9d9-ddb5-4fa4-a97d-d965ccfc6d4b" outcome="Passed" testListId="8c84fa94-04c1-424b-9868-57a2d4851a1d" relativeResultsDirectory="850d4e8f-b62a-49aa-baab-9bc48735bea6" />
    <UnitTestResult executionId="abc71f2d-5159-4454-affd-6a5a475bc75e" testId="7c2426bf-d88a-eb8a-8b68-60880710bec3" testName="FileStorage.Infrastructure.Tests.Recovery.RecoveryAndCheckpointBoundedContextTests.TrackWrite_TriggersCheckpointWhenThresholdReached" computerName="ALEKSANDRPC" duration="00:00:00.0226432" startTime="2026-03-28T02:26:50.1681151+02:00" endTime="2026-03-28T02:26:50.1681153+02:00" testType="13cdc9d9-ddb5-4fa4-a97d-d965ccfc6d4b" outcome="Passed" testListId="8c84fa94-04c1-424b-9868-57a2d4851a1d" relativeResultsDirectory="abc71f2d-5159-4454-affd-6a5a475bc75e" />
    <UnitTestResult executionId="293d0df4-5c57-4cad-8d42-256c5bd675ae" testId="facef068-8f6c-10c4-6cea-bb6310151ed6" testName="FileStorage.Infrastructure.Tests.Indexing.SecondaryIndex.SecondaryIndexManagerTests.DropAllIndexes_RemovesIndexDefinitionsForTable" computerName="ALEKSANDRPC" duration="00:00:00.0053540" startTime="2026-03-28T02:26:50.3547975+02:00" endTime="2026-03-28T02:26:50.3547977+02:00" testType="13cdc9d9-ddb5-4fa4-a97d-d965ccfc6d4b" outcome="Passed" testListId="8c84fa94-04c1-424b-9868-57a2d4851a1d" relativeResultsDirectory="293d0df4-5c57-4cad-8d42-256c5bd675ae" />
    <UnitTestResult executionId="eec3ad43-f3a4-4cab-9398-d8a65711b87b" testId="00a5617a-3dfd-0e39-1cdc-840123ff38b6" testName="FileStorage.Infrastructure.Tests.Indexing.SecondaryIndex.SSTableTests.Write_WithLargeEntryCrossingBlockBoundary_PreservesFollowingEntries" computerName="ALEKSANDRPC" duration="00:00:00.0154427" startTime="2026-03-28T02:26:50.1408455+02:00" endTime="2026-03-28T02:26:50.1408457+02:00" testType="13cdc9d9-ddb5-4fa4-a97d-d965ccfc6d4b" outcome="Passed" testListId="8c84fa94-04c1-424b-9868-57a2d4851a1d" relativeResultsDirectory="eec3ad43-f3a4-4cab-9398-d8a65711b87b" />
    <UnitTestResult executionId="fb029c95-5d62-4446-ae19-78c32606481a" testId="7ba60920-5a70-67c3-18a7-5c76e4a89d5e" testName="FileStorage.Infrastructure.Tests.Recovery.RecoveryAndCheckpointBoundedContextTests.ForceCheckpoint_ResetsWriteCounter" computerName="ALEKSANDRPC" duration="00:00:00.0003156" startTime="2026-03-28T02:26:50.1750893+02:00" endTime="2026-03-28T02:26:50.1750895+02:00" testType="13cdc9d9-ddb5-4fa4-a97d-d965ccfc6d4b" outcome="Passed" testListId="8c84fa94-04c1-424b-9868-57a2d4851a1d" relativeResultsDirectory="fb029c95-5d62-4446-ae19-78c32606481a" />
    <UnitTestResult executionId="1e895c12-32ec-4d89-9339-86b85e34d59d" testId="2a0c54c6-2f19-6828-398b-e25dfba77d44" testName="FileStorage.Infrastructure.Tests.WAL.WalEntrySerializerTests.TryReadHeader_ReturnsFalse_WhenTableLenIsTooLarge" computerName="ALEKSANDRPC" duration="00:00:00.0036500" startTime="2026-03-28T02:26:50.1174509+02:00" endTime="2026-03-28T02:26:50.1174658+02:00" testType="13cdc9d9-ddb5-4fa4-a97d-d965ccfc6d4b" outcome="Passed" testListId="8c84fa94-04c1-424b-9868-57a2d4851a1d" relativeResultsDirectory="1e895c12-32ec-4d89-9339-86b85e34d59d" />
    <UnitTestResult executionId="ab015a28-1f0c-4bd1-8095-33b377cdaf79" testId="5e2c694b-afa1-28ce-535a-abd9ccfdc126" testName="FileStorage.Infrastructure.Tests.StorageEngineTests.InitializeAsync_ReplaysSecondaryBeforeWalCheckpoint" computerName="ALEKSANDRPC" duration="00:00:00.0025040" startTime="2026-03-28T02:26:50.1810576+02:00" endTime="2026-03-28T02:26:50.1810577+02:00" testType="13cdc9d9-ddb5-4fa4-a97d-d965ccfc6d4b" outcome="Passed" testListId="8c84fa94-04c1-424b-9868-57a2d4851a1d" relativeResultsDirectory="ab015a28-1f0c-4bd1-8095-33b377cdaf79" />
    <UnitTestResult executionId="d504e585-43fa-4e2c-b3d1-8bba5365df96" testId="4fb9772c-eefb-d0a2-5924-f94313429058" testName="FileStorage.Infrastructure.Tests.Indexing.SecondaryIndex.SparseIndexTests.FindStartOffset_ReturnsNearestLowerOrEqualBlock" computerName="ALEKSANDRPC" duration="00:00:00.0002388" startTime="2026-03-28T02:26:50.1205338+02:00" endTime="2026-03-28T02:26:50.1205338+02:00" testType="13cdc9d9-ddb5-4fa4-a97d-d965ccfc6d4b" outcome="Passed" testListId="8c84fa94-04c1-424b-9868-57a2d4851a1d" relativeResultsDirectory="d504e585-43fa-4e2c-b3d1-8bba5365df96" />
    <UnitTestResult executionId="1d03b608-777c-4461-abac-1bb026ee6d6b" testId="1cca80ce-d00d-ace1-02e4-30705264df39" testName="FileStorage.Infrastructure.Tests.Indexing.SecondaryIndex.SecondaryIndexManagerTests.Compaction_WithSameInputSequence_ProducesSameLogicalResults" computerName="ALEKSANDRPC" duration="00:00:00.1608119" startTime="2026-03-28T02:26:50.3493698+02:00" endTime="2026-03-28T02:26:50.3493701+02:00" testType="13cdc9d9-ddb5-4fa4-a97d-d965ccfc6d4b" outcome="Passed" testListId="8c84fa94-04c1-424b-9868-57a2d4851a1d" relativeResultsDirectory="1d03b608-777c-4461-abac-1bb026ee6d6b" />
    <UnitTestResult executionId="8b6f8602-f613-4d6c-ab87-9ff632c4c921" testId="9251f8eb-a00c-d9e8-436d-4a4efdfec683" testName="FileStorage.Infrastructure.Tests.WAL.WalEntrySerializerTests.VerifyCrc_ReturnsFalse_WhenPayloadIsMutated" computerName="ALEKSANDRPC" duration="00:00:00.0011153" startTime="2026-03-28T02:26:50.1200256+02:00" endTime="2026-03-28T02:26:50.1200256+02:00" testType="13cdc9d9-ddb5-4fa4-a97d-d965ccfc6d4b" outcome="Passed" testListId="8c84fa94-04c1-424b-9868-57a2d4851a1d" relativeResultsDirectory="8b6f8602-f613-4d6c-ab87-9ff632c4c921" />
    <UnitTestResult executionId="b7ccaa8f-9f60-49c2-854d-8bd19a34dbbf" testId="63ab89e6-ac04-3c5c-6f8e-3d1b7a904d21" testName="FileStorage.Infrastructure.Tests.Recovery.StorageRecoveryBatchTests.Initialize_WhenDeleteOffsetPointsToDifferentRecord_SkipsDelete" computerName="ALEKSANDRPC" duration="00:00:00.0036663" startTime="2026-03-28T02:26:50.1792918+02:00" endTime="2026-03-28T02:26:50.1792919+02:00" testType="13cdc9d9-ddb5-4fa4-a97d-d965ccfc6d4b" outcome="Passed" testListId="8c84fa94-04c1-424b-9868-57a2d4851a1d" relativeResultsDirectory="b7ccaa8f-9f60-49c2-854d-8bd19a34dbbf" />
    <UnitTestResult executionId="56ed9834-2c6a-474f-afdb-9be1eabcaf75" testId="c9959973-59ec-0906-0e0f-ca0b4032c43e" testName="FileStorage.Infrastructure.Tests.StorageEngineTests.SaveBatchAsync_AppendsSingleWalEntry_AndUsesBulkSecondaryIndex" computerName="ALEKSANDRPC" duration="00:00:00.0055078" startTime="2026-03-28T02:26:50.1866212+02:00" endTime="2026-03-28T02:26:50.1866214+02:00" testType="13cdc9d9-ddb5-4fa4-a97d-d965ccfc6d4b" outcome="Passed" testListId="8c84fa94-04c1-424b-9868-57a2d4851a1d" relativeResultsDirectory="56ed9834-2c6a-474f-afdb-9be1eabcaf75" />
    <UnitTestResult executionId="5f7c3bec-c065-48ae-bbc6-cefdfe4b7e08" testId="5e3cc19a-eac9-cb86-565e-b6416a8a4725" testName="FileStorage.Infrastructure.Tests.Indexing.SecondaryIndex.SecondaryIndexManagerTests.LoadExisting_AfterPutRange_RestoresLookupState" computerName="ALEKSANDRPC" duration="00:00:00.0091226" startTime="2026-03-28T02:26:50.1623864+02:00" endTime="2026-03-28T02:26:50.1623867+02:00" testType="13cdc9d9-ddb5-4fa4-a97d-d965ccfc6d4b" outcome="Passed" testListId="8c84fa94-04c1-424b-9868-57a2d4851a1d" relativeResultsDirectory="5f7c3bec-c065-48ae-bbc6-cefdfe4b7e08" />
    <UnitTestResult executionId="39381494-e3c4-4ed2-8c9a-79f9698d36e4" testId="bb4adcc2-fc30-0e6e-af0e-2ccfa0ef8f90" testName="FileStorage.Infrastructure.Tests.Indexing.SecondaryIndex.SSTableIteratorTests.Iterator_ReadsAllEntriesInOrder_AndSkipsPadding" computerName="ALEKSANDRPC" duration="00:00:00.0245494" startTime="2026-03-28T02:26:50.1326888+02:00" endTime="2026-03-28T02:26:50.1326890+02:00" testType="13cdc9d9-ddb5-4fa4-a97d-d965ccfc6d4b" outcome="Passed" testListId="8c84fa94-04c1-424b-9868-57a2d4851a1d" relativeResultsDirectory="39381494-e3c4-4ed2-8c9a-79f9698d36e4" />
    <UnitTestResult executionId="579d7f9f-d29f-4520-aa04-99e8ec8a391a" testId="ae56adda-cc3c-ff2b-bd72-cedde0d27db9" testName="FileStorage.Infrastructure.Tests.StorageEngineFactoryTests.CreateAsync_WithInjectedDependencies_WhenInitializationFails_DisposesOwnedResources" computerName="ALEKSANDRPC" duration="00:00:00.0583124" startTime="2026-03-28T02:26:50.1769545+02:00" endTime="2026-03-28T02:26:50.1769547+02:00" testType="13cdc9d9-ddb5-4fa4-a97d-d965ccfc6d4b" outcome="Passed" testListId="8c84fa94-04c1-424b-9868-57a2d4851a1d" relativeResultsDirectory="579d7f9f-d29f-4520-aa04-99e8ec8a391a" />
    <UnitTestResult executionId="1a2f17b0-c218-47d5-b219-c33bbf9c5f18" testId="3b74ab01-3da5-a87d-27e0-f7ac4db6568c" testName="FileStorage.Infrastructure.Tests.Indexing.SecondaryIndex.MemTableTests.RemoveByKey_RemovesKeyFromAllValues" computerName="ALEKSANDRPC" duration="00:00:00.0022399" startTime="2026-03-28T02:26:50.1294760+02:00" endTime="2026-03-28T02:26:50.1294761+02:00" testType="13cdc9d9-ddb5-4fa4-a97d-d965ccfc6d4b" outcome="Passed" testListId="8c84fa94-04c1-424b-9868-57a2d4851a1d" relativeResultsDirectory="1a2f17b0-c218-47d5-b219-c33bbf9c5f18" />
    <UnitTestResult executionId="194b4e3a-caa1-452a-955c-a385292fb5e5" testId="541e1be7-335d-9b49-7ec5-83d95b3b58b6" testName="FileStorage.Infrastructure.Tests.Compaction.CompactionServiceTests.Compact_WhenLatestVersionIsDeleted_DoesNotResurrectOlderVersion" computerName="ALEKSANDRPC" duration="00:00:00.0229347" startTime="2026-03-28T02:26:50.1299642+02:00" endTime="2026-03-28T02:26:50.1299643+02:00" testType="13cdc9d9-ddb5-4fa4-a97d-d965ccfc6d4b" outcome="Passed" testListId="8c84fa94-04c1-424b-9868-57a2d4851a1d" relativeResultsDirectory="194b4e3a-caa1-452a-955c-a385292fb5e5" />
    <UnitTestResult executionId="c6519f3c-b684-46aa-9c8a-fe9d76cfd5bd" testId="b0304b5d-fc81-e236-73d3-3997cbca889c" testName="FileStorage.Infrastructure.Tests.Recovery.RecoveryAndCheckpointBoundedContextTests.ForceCheckpoint_FlushesDataBeforeTruncatingWal" computerName="ALEKSANDRPC" duration="00:00:00.0004983" startTime="2026-03-28T02:26:50.2248051+02:00" endTime="2026-03-28T02:26:50.2248053+02:00" testType="13cdc9d9-ddb5-4fa4-a97d-d965ccfc6d4b" outcome="Passed" testListId="8c84fa94-04c1-424b-9868-57a2d4851a1d" relativeResultsDirectory="c6519f3c-b684-46aa-9c8a-fe9d76cfd5bd" />
    <UnitTestResult executionId="1f68b145-3265-45b4-b254-9812b785c7cc" testId="4d96f15a-5981-551f-dc94-c9420763c725" testName="FileStorage.Infrastructure.Tests.Indexing.SecondaryIndex.BloomFilterTests.EmptyOrMissingFilter_IsAlwaysNegative" computerName="ALEKSANDRPC" duration="00:00:00.0007970" startTime="2026-03-28T02:26:50.1418390+02:00" endTime="2026-03-28T02:26:50.1418392+02:00" testType="13cdc9d9-ddb5-4fa4-a97d-d965ccfc6d4b" outcome="Passed" testListId="8c84fa94-04c1-424b-9868-57a2d4851a1d" relativeResultsDirectory="1f68b145-3265-45b4-b254-9812b785c7cc" />
    <UnitTestResult executionId="f55fcdfa-3320-45af-8d83-c2e586055f03" testId="779f08e3-4833-765d-76ef-46640d20282e" testName="FileStorage.Infrastructure.Tests.WAL.WriteAheadLogTests.Append_ThenReadAll_ReturnsEntriesInOrder" computerName="ALEKSANDRPC" duration="00:00:00.0153244" startTime="2026-03-28T02:26:50.1964719+02:00" endTime="2026-03-28T02:26:50.1964721+02:00" testType="13cdc9d9-ddb5-4fa4-a97d-d965ccfc6d4b" outcome="Passed" testListId="8c84fa94-04c1-424b-9868-57a2d4851a1d" relativeResultsDirectory="f55fcdfa-3320-45af-8d83-c2e586055f03" />
    <UnitTestResult executionId="1bd28e61-9706-4ce4-836d-8d1916ddae1f" testId="3507e11e-fb6a-ff57-bbfb-b382ccb40806" testName="FileStorage.Infrastructure.Tests.Indexing.SecondaryIndex.BloomFilterTests.FalsePositiveRate_StaysWithinReasonableBand" computerName="ALEKSANDRPC" duration="00:00:00.0099871" startTime="2026-03-28T02:26:50.1398487+02:00" endTime="2026-03-28T02:26:50.1398491+02:00" testType="13cdc9d9-ddb5-4fa4-a97d-d965ccfc6d4b" outcome="Passed" testListId="8c84fa94-04c1-424b-9868-57a2d4851a1d" relativeResultsDirectory="1bd28e61-9706-4ce4-836d-8d1916ddae1f" />
    <UnitTestResult executionId="561a3f30-7b0f-4f75-8325-3174312cb398" testId="f90cf09b-eab2-8d3d-a601-d05003afd8bb" testName="FileStorage.Infrastructure.Tests.Indexing.SecondaryIndex.SecondaryIndexManagerTests.PutRange_RemoveByKey_RemovesFromMemTableLookup" computerName="ALEKSANDRPC" duration="00:00:00.0044266" startTime="2026-03-28T02:26:50.1486747+02:00" endTime="2026-03-28T02:26:50.1486749+02:00" testType="13cdc9d9-ddb5-4fa4-a97d-d965ccfc6d4b" outcome="Passed" testListId="8c84fa94-04c1-424b-9868-57a2d4851a1d" relativeResultsDirectory="561a3f30-7b0f-4f75-8325-3174312cb398" />
    <UnitTestResult executionId="1c9ed1d3-385f-495a-b4ec-5e4a417d1084" testId="9314ae95-ca48-f4c2-e8ef-762031683b6b" testName="FileStorage.Infrastructure.Tests.StorageEngineLifecycleTests.SyncDispose_WaitsForReaders" computerName="ALEKSANDRPC" duration="00:00:00.1086086" startTime="2026-03-28T02:26:50.6246346+02:00" endTime="2026-03-28T02:26:50.6246350+02:00" testType="13cdc9d9-ddb5-4fa4-a97d-d965ccfc6d4b" outcome="Passed" testListId="8c84fa94-04c1-424b-9868-57a2d4851a1d" relativeResultsDirectory="1c9ed1d3-385f-495a-b4ec-5e4a417d1084" />
    <UnitTestResult executionId="e12f12d9-6f1d-4fc7-80dc-7637ca3b7d8c" testId="a62d41b2-ec1b-4d3d-9250-e88c719b7058" testName="FileStorage.Infrastructure.Tests.Indexing.SecondaryIndex.SecondaryIndexManagerTests.RecoverCompaction_WithoutMerged_DeletesMergedFile" computerName="ALEKSANDRPC" duration="00:00:00.0106875" startTime="2026-03-28T02:26:50.1782268+02:00" endTime="2026-03-28T02:26:50.1782270+02:00" testType="13cdc9d9-ddb5-4fa4-a97d-d965ccfc6d4b" outcome="Passed" testListId="8c84fa94-04c1-424b-9868-57a2d4851a1d" relativeResultsDirectory="e12f12d9-6f1d-4fc7-80dc-7637ca3b7d8c" />
    <UnitTestResult executionId="cadb07b1-e3a6-4067-a77b-711ff1220372" testId="579f5051-b08d-9411-f686-d30dd1b9cdeb" testName="FileStorage.Infrastructure.Tests.Indexing.SecondaryIndex.SecondaryIndexManagerTests.PutRange_ThenLookup_ReturnsInsertedKeys" computerName="ALEKSANDRPC" duration="00:00:00.0015599" startTime="2026-03-28T02:26:50.1660737+02:00" endTime="2026-03-28T02:26:50.1660738+02:00" testType="13cdc9d9-ddb5-4fa4-a97d-d965ccfc6d4b" outcome="Passed" testListId="8c84fa94-04c1-424b-9868-57a2d4851a1d" relativeResultsDirectory="cadb07b1-e3a6-4067-a77b-711ff1220372" />
    <UnitTestResult executionId="b1cc7c9b-30c7-4698-b075-815e77779e24" testId="d4464808-2906-b6f4-cb58-17e78c95fa4f" testName="FileStorage.Infrastructure.Tests.MmapRegionConcurrencyTests.MultipleOpenClose_DoesNotLeak" computerName="ALEKSANDRPC" duration="00:00:00.0974265" startTime="2026-03-28T02:26:50.2669670+02:00" endTime="2026-03-28T02:26:50.2669675+02:00" testType="13cdc9d9-ddb5-4fa4-a97d-d965ccfc6d4b" outcome="Passed" testListId="8c84fa94-04c1-424b-9868-57a2d4851a1d" relativeResultsDirectory="b1cc7c9b-30c7-4698-b075-815e77779e24" />
    <UnitTestResult executionId="9389a466-d763-449e-aab7-a7f65ec39b9e" testId="829be13d-0a07-5594-41f7-37a65433223f" testName="FileStorage.Infrastructure.Tests.StorageEngineLifecycleTests.Dispose_WaitsWhileWriteIsInProgress" computerName="ALEKSANDRPC" duration="00:00:00.1081783" startTime="2026-03-28T02:26:50.5156792+02:00" endTime="2026-03-28T02:26:50.5156795+02:00" testType="13cdc9d9-ddb5-4fa4-a97d-d965ccfc6d4b" outcome="Passed" testListId="8c84fa94-04c1-424b-9868-57a2d4851a1d" relativeResultsDirectory="9389a466-d763-449e-aab7-a7f65ec39b9e" />
    <UnitTestResult executionId="d0b68054-a83a-4d5d-992f-6c5aa2a0f51f" testId="959c6c96-55e3-a746-26e4-dd2e958959ac" testName="FileStorage.Infrastructure.Tests.Indexing.SecondaryIndex.MemTableTests.Put_DuplicateMapping_DeduplicatesAndKeepsTotalMappings" computerName="ALEKSANDRPC" duration="00:00:00.0139281" startTime="2026-03-28T02:26:50.1294368+02:00" endTime="2026-03-28T02:26:50.1294369+02:00" testType="13cdc9d9-ddb5-4fa4-a97d-d965ccfc6d4b" outcome="Passed" testListId="8c84fa94-04c1-424b-9868-57a2d4851a1d" relativeResultsDirectory="d0b68054-a83a-4d5d-992f-6c5aa2a0f51f" />
    <UnitTestResult executionId="4ee52ed7-c910-4ca7-8769-1e1ce8c75d0e" testId="7aa01e95-9bc7-4fba-25ff-e60c07d966a0" testName="FileStorage.Infrastructure.Tests.Indexing.SecondaryIndex.SecondaryIndexManagerTests.PutRange_SingleEntryWithMultipleIndexedFields_UpdatesEachExistingIndex" computerName="ALEKSANDRPC" duration="00:00:00.0020158" startTime="2026-03-28T02:26:50.1644588+02:00" endTime="2026-03-28T02:26:50.1644589+02:00" testType="13cdc9d9-ddb5-4fa4-a97d-d965ccfc6d4b" outcome="Passed" testListId="8c84fa94-04c1-424b-9868-57a2d4851a1d" relativeResultsDirectory="4ee52ed7-c910-4ca7-8769-1e1ce8c75d0e" />
    <UnitTestResult executionId="76b1e20b-21d1-4fda-bbf7-d7643882bb0a" testId="b052c63f-f585-f97e-4215-058f591c025f" testName="FileStorage.Infrastructure.Tests.Indexing.SecondaryIndex.SecondaryIndexManagerTests.Put_FlushBoundary_UsesTotalMappings_NotDistinctKeyCount" computerName="ALEKSANDRPC" duration="00:00:00.0283323" startTime="2026-03-28T02:26:50.1441921+02:00" endTime="2026-03-28T02:26:50.1441926+02:00" testType="13cdc9d9-ddb5-4fa4-a97d-d965ccfc6d4b" outcome="Passed" testListId="8c84fa94-04c1-424b-9868-57a2d4851a1d" relativeResultsDirectory="76b1e20b-21d1-4fda-bbf7-d7643882bb0a" />
    <UnitTestResult executionId="71508f72-6ecf-4cff-9fe1-86eb2fc4ed1c" testId="fb514f3d-9448-b6a1-fe41-639a08863b72" testName="FileStorage.Infrastructure.Tests.WAL.WriteAheadLogTests.Checkpoint_ClearsWal" computerName="ALEKSANDRPC" duration="00:00:00.0144477" startTime="2026-03-28T02:26:50.2109985+02:00" endTime="2026-03-28T02:26:50.2109990+02:00" testType="13cdc9d9-ddb5-4fa4-a97d-d965ccfc6d4b" outcome="Passed" testListId="8c84fa94-04c1-424b-9868-57a2d4851a1d" relativeResultsDirectory="71508f72-6ecf-4cff-9fe1-86eb2fc4ed1c" />
    <UnitTestResult executionId="c9e37181-c0db-41f9-885e-e5bf83af7005" testId="77dc7273-ae22-558a-8f1e-9b101d8c311c" testName="FileStorage.Infrastructure.Tests.WAL.WriteAheadLogTests.ReadAll_WhenSaveBatchTailIsTruncated_IgnoresIncompleteBatchAndTruncatesFile" computerName="ALEKSANDRPC" duration="00:00:00.0323641" startTime="2026-03-28T02:26:50.2434334+02:00" endTime="2026-03-28T02:26:50.2434340+02:00" testType="13cdc9d9-ddb5-4fa4-a97d-d965ccfc6d4b" outcome="Passed" testListId="8c84fa94-04c1-424b-9868-57a2d4851a1d" relativeResultsDirectory="c9e37181-c0db-41f9-885e-e5bf83af7005" />
    <UnitTestResult executionId="7f137b6e-a711-44eb-9a85-7e7b5cf79b86" testId="000106c7-beae-1bcd-709a-04a46e7e395a" testName="FileStorage.Infrastructure.Tests.Recovery.RecoveryAndCheckpointBoundedContextTests.RecoveryReplay_SaveBatchWithGapInOffsets_RejectedEntirely" computerName="ALEKSANDRPC" duration="00:00:00.0048780" startTime="2026-03-28T02:26:50.1747345+02:00" endTime="2026-03-28T02:26:50.1747348+02:00" testType="13cdc9d9-ddb5-4fa4-a97d-d965ccfc6d4b" outcome="Passed" testListId="8c84fa94-04c1-424b-9868-57a2d4851a1d" relativeResultsDirectory="7f137b6e-a711-44eb-9a85-7e7b5cf79b86" />
    <UnitTestResult executionId="26140626-ae1e-4dfc-9e8b-4bcf4e7c529d" testId="e784ba07-1b65-8224-cff0-0945621dd922" testName="FileStorage.Infrastructure.Tests.Recovery.RecoveryAndCheckpointBoundedContextTests.Compaction_WithBothTmpFiles_DeletesBothAndPreservesOriginals" computerName="ALEKSANDRPC" duration="00:00:00.0031777" startTime="2026-03-28T02:26:50.2280667+02:00" endTime="2026-03-28T02:26:50.2280671+02:00" testType="13cdc9d9-ddb5-4fa4-a97d-d965ccfc6d4b" outcome="Passed" testListId="8c84fa94-04c1-424b-9868-57a2d4851a1d" relativeResultsDirectory="26140626-ae1e-4dfc-9e8b-4bcf4e7c529d" />
    <UnitTestResult executionId="07f38dcc-5dc4-4ac8-93e4-091196f99bd0" testId="c4346aa7-3f2d-f53b-401b-e36e2c789f08" testName="FileStorage.Infrastructure.Tests.Recovery.RecoveryAndCheckpointBoundedContextTests.WriteAheadLog_WithValidEntriesFollowedByGarbage_ReturnsOnlyValidAndTruncatesTail" computerName="ALEKSANDRPC" duration="00:00:00.0189813" startTime="2026-03-28T02:26:50.2177676+02:00" endTime="2026-03-28T02:26:50.2177680+02:00" testType="13cdc9d9-ddb5-4fa4-a97d-d965ccfc6d4b" outcome="Passed" testListId="8c84fa94-04c1-424b-9868-57a2d4851a1d" relativeResultsDirectory="07f38dcc-5dc4-4ac8-93e4-091196f99bd0" />
    <UnitTestResult executionId="0e0b9e51-f264-4cdf-9cb4-0eb3d6ebe230" testId="9957446a-e04b-ae05-f3ac-47758780ea11" testName="FileStorage.Infrastructure.Tests.StorageEngineTests.SaveAsync_AppendsToWal_AndTracksCheckpoint" computerName="ALEKSANDRPC" duration="00:00:00.0018644" startTime="2026-03-28T02:26:50.1939620+02:00" endTime="2026-03-28T02:26:50.1939622+02:00" testType="13cdc9d9-ddb5-4fa4-a97d-d965ccfc6d4b" outcome="Passed" testListId="8c84fa94-04c1-424b-9868-57a2d4851a1d" relativeResultsDirectory="0e0b9e51-f264-4cdf-9cb4-0eb3d6ebe230" />
    <UnitTestResult executionId="39af5f99-5085-49fa-8995-2ff290125d42" testId="c2887d0f-ab74-2717-c9cd-02fb39b379cf" testName="FileStorage.Infrastructure.Tests.StorageEngineTests.SaveAsync_WithIndexedFields_AppendsSingleEntrySaveBatchPayload" computerName="ALEKSANDRPC" duration="00:00:00.0053399" startTime="2026-03-28T02:26:50.1920308+02:00" endTime="2026-03-28T02:26:50.1920310+02:00" testType="13cdc9d9-ddb5-4fa4-a97d-d965ccfc6d4b" outcome="Passed" testListId="8c84fa94-04c1-424b-9868-57a2d4851a1d" relativeResultsDirectory="39af5f99-5085-49fa-8995-2ff290125d42" />
    <UnitTestResult executionId="3264d4ff-325d-43bd-8826-b775673531b8" testId="68beeed9-064c-f199-3c0c-ebd01d81852f" testName="FileStorage.Infrastructure.Tests.MmapRegionConcurrencyTests.ParallelReadAndDispose_DoesNotThrowOrLeak" computerName="ALEKSANDRPC" duration="00:00:00.0428308" startTime="2026-03-28T02:26:50.1694155+02:00" endTime="2026-03-28T02:26:50.1694157+02:00" testType="13cdc9d9-ddb5-4fa4-a97d-d965ccfc6d4b" outcome="Passed" testListId="8c84fa94-04c1-424b-9868-57a2d4851a1d" relativeResultsDirectory="3264d4ff-325d-43bd-8826-b775673531b8" />
  </Results>
  <TestDefinitions>
    <UnitTest name="FileStorage.Infrastructure.Tests.Concurrency.AsyncReaderWriterLockTests.AcquireWriteLock_WaitsForExistingReader" storage="d:\work\filestoragex\filestorage.infrastructure.tests\bin\debug\net9.0\filestorage.infrastructure.tests.dll" id="bf500361-1db4-0731-8e3d-a5472eb0ad2d">
      <Execution id="6e9948a5-a4fb-4b43-b272-65eaef01ba96" />
      <TestMethod codeBase="D:\Work\filestoragex\FileStorage.Infrastructure.Tests\bin\Debug\net9.0\FileStorage.Infrastructure.Tests.dll" adapterTypeName="executor://xunit/VsTestRunner2/netcoreapp" className="FileStorage.Infrastructure.Tests.Concurrency.AsyncReaderWriterLockTests" name="AcquireWriteLock_WaitsForExistingReader" />
    </UnitTest>
    <UnitTest name="FileStorage.Infrastructure.Tests.StorageEngineTests.SaveBatchAsync_AppendsSingleWalEntry_AndUsesBulkSecondaryIndex" storage="d:\work\filestoragex\filestorage.infrastructure.tests\bin\debug\net9.0\filestorage.infrastructure.tests.dll" id="c9959973-59ec-0906-0e0f-ca0b4032c43e">
      <Execution id="56ed9834-2c6a-474f-afdb-9be1eabcaf75" />
      <TestMethod codeBase="D:\Work\filestoragex\FileStorage.Infrastructure.Tests\bin\Debug\net9.0\FileStorage.Infrastructure.Tests.dll" adapterTypeName="executor://xunit/VsTestRunner2/netcoreapp" className="FileStorage.Infrastructure.Tests.StorageEngineTests" name="SaveBatchAsync_AppendsSingleWalEntry_AndUsesBulkSecondaryIndex" />
    </UnitTest>
    <UnitTest name="FileStorage.Infrastructure.Tests.Recovery.RecoveryAndCheckpointBoundedContextTests.Recovery_TwiceWithSameWal_IsIdempotent" storage="d:\work\filestoragex\filestorage.infrastructure.tests\bin\debug\net9.0\filestorage.infrastructure.tests.dll" id="61b8f9f6-eed0-d425-e5cd-97bb22571a19">
      <Execution id="64d9c3d8-00ba-41e5-911e-cf38375af46e" />
      <TestMethod codeBase="D:\Work\filestoragex\FileStorage.Infrastructure.Tests\bin\Debug\net9.0\FileStorage.Infrastructure.Tests.dll" adapterTypeName="executor://xunit/VsTestRunner2/netcoreapp" className="FileStorage.Infrastructure.Tests.Recovery.RecoveryAndCheckpointBoundedContextTests" name="Recovery_TwiceWithSameWal_IsIdempotent" />
    </UnitTest>
    <UnitTest name="FileStorage.Infrastructure.Tests.WAL.WalBatchPayloadSerializerTests.TryDeserialize_ReturnsFalse_WhenCommitMarkerIsCorrupted" storage="d:\work\filestoragex\filestorage.infrastructure.tests\bin\debug\net9.0\filestorage.infrastructure.tests.dll" id="ca70edda-8382-88f9-7e58-8df55e158857">
      <Execution id="30b6f4ee-bc24-4cbf-8911-2250297a5dcb" />
      <TestMethod codeBase="D:\Work\filestoragex\FileStorage.Infrastructure.Tests\bin\Debug\net9.0\FileStorage.Infrastructure.Tests.dll" adapterTypeName="executor://xunit/VsTestRunner2/netcoreapp" className="FileStorage.Infrastructure.Tests.WAL.WalBatchPayloadSerializerTests" name="TryDeserialize_ReturnsFalse_WhenCommitMarkerIsCorrupted" />
    </UnitTest>
    <UnitTest name="FileStorage.Infrastructure.Tests.Recovery.RecoveryAndCheckpointBoundedContextTests.CompactionCrash_AfterFirstRename_CompletesSecondRename" storage="d:\work\filestoragex\filestorage.infrastructure.tests\bin\debug\net9.0\filestorage.infrastructure.tests.dll" id="5af4b0f4-b8de-c3e9-f88a-41e1bd4811ba">
      <Execution id="4a88160f-2d44-49b7-b2f1-a4619b1dd440" />
      <TestMethod codeBase="D:\Work\filestoragex\FileStorage.Infrastructure.Tests\bin\Debug\net9.0\FileStorage.Infrastructure.Tests.dll" adapterTypeName="executor://xunit/VsTestRunner2/netcoreapp" className="FileStorage.Infrastructure.Tests.Recovery.RecoveryAndCheckpointBoundedContextTests" name="CompactionCrash_AfterFirstRename_CompletesSecondRename" />
    </UnitTest>
    <UnitTest name="FileStorage.Infrastructure.Tests.WAL.WriteAheadLogTests.Append_ThenReadAll_ReturnsEntriesInOrder" storage="d:\work\filestoragex\filestorage.infrastructure.tests\bin\debug\net9.0\filestorage.infrastructure.tests.dll" id="779f08e3-4833-765d-76ef-46640d20282e">
      <Execution id="f55fcdfa-3320-45af-8d83-c2e586055f03" />
      <TestMethod codeBase="D:\Work\filestoragex\FileStorage.Infrastructure.Tests\bin\Debug\net9.0\FileStorage.Infrastructure.Tests.dll" adapterTypeName="executor://xunit/VsTestRunner2/netcoreapp" className="FileStorage.Infrastructure.Tests.WAL.WriteAheadLogTests" name="Append_ThenReadAll_ReturnsEntriesInOrder" />
    </UnitTest>
    <UnitTest name="FileStorage.Infrastructure.Tests.StorageEngineFactoryTests.CreateAsync_WithInjectedDependencies_WhenInitializationFails_DisposesOwnedResources" storage="d:\work\filestoragex\filestorage.infrastructure.tests\bin\debug\net9.0\filestorage.infrastructure.tests.dll" id="ae56adda-cc3c-ff2b-bd72-cedde0d27db9">
      <Execution id="579d7f9f-d29f-4520-aa04-99e8ec8a391a" />
      <TestMethod codeBase="D:\Work\filestoragex\FileStorage.Infrastructure.Tests\bin\Debug\net9.0\FileStorage.Infrastructure.Tests.dll" adapterTypeName="executor://xunit/VsTestRunner2/netcoreapp" className="FileStorage.Infrastructure.Tests.StorageEngineFactoryTests" name="CreateAsync_WithInjectedDependencies_WhenInitializationFails_DisposesOwnedResources" />
    </UnitTest>
    <UnitTest name="FileStorage.Infrastructure.Tests.Compaction.CompactionServiceTests.Compact_WhenLatestVersionIsDeleted_DoesNotResurrectOlderVersion" storage="d:\work\filestoragex\filestorage.infrastructure.tests\bin\debug\net9.0\filestorage.infrastructure.tests.dll" id="541e1be7-335d-9b49-7ec5-83d95b3b58b6">
      <Execution id="194b4e3a-caa1-452a-955c-a385292fb5e5" />
      <TestMethod codeBase="D:\Work\filestoragex\FileStorage.Infrastructure.Tests\bin\Debug\net9.0\FileStorage.Infrastructure.Tests.dll" adapterTypeName="executor://xunit/VsTestRunner2/netcoreapp" className="FileStorage.Infrastructure.Tests.Compaction.CompactionServiceTests" name="Compact_WhenLatestVersionIsDeleted_DoesNotResurrectOlderVersion" />
    </UnitTest>
    <UnitTest name="FileStorage.Infrastructure.Tests.Recovery.RecoveryAndCheckpointBoundedContextTests.Recovery_WithCorruptedWalTail_TruncatesTail" storage="d:\work\filestoragex\filestorage.infrastructure.tests\bin\debug\net9.0\filestorage.infrastructure.tests.dll" id="ff376909-0fb5-d5cd-ead0-8fd00005af7d">
      <Execution id="1b71fcdb-916d-4032-977c-1e8c4425340b" />
      <TestMethod codeBase="D:\Work\filestoragex\FileStorage.Infrastructure.Tests\bin\Debug\net9.0\FileStorage.Infrastructure.Tests.dll" adapterTypeName="executor://xunit/VsTestRunner2/netcoreapp" className="FileStorage.Infrastructure.Tests.Recovery.RecoveryAndCheckpointBoundedContextTests" name="Recovery_WithCorruptedWalTail_TruncatesTail" />
    </UnitTest>
    <UnitTest name="FileStorage.Infrastructure.Tests.Indexing.SecondaryIndex.SecondaryIndexManagerTests.PutRange_DuplicateKeySameFieldValue_DeduplicatesInLookup" storage="d:\work\filestoragex\filestorage.infrastructure.tests\bin\debug\net9.0\filestorage.infrastructure.tests.dll" id="c5e601c5-e141-cef8-4629-6ae34ab8a70b">
      <Execution id="499ebb8b-7da0-4fcb-bc92-cd8c2a220b84" />
      <TestMethod codeBase="D:\Work\filestoragex\FileStorage.Infrastructure.Tests\bin\Debug\net9.0\FileStorage.Infrastructure.Tests.dll" adapterTypeName="executor://xunit/VsTestRunner2/netcoreapp" className="FileStorage.Infrastructure.Tests.Indexing.SecondaryIndex.SecondaryIndexManagerTests" name="PutRange_DuplicateKeySameFieldValue_DeduplicatesInLookup" />
    </UnitTest>
    <UnitTest name="FileStorage.Infrastructure.Tests.StorageEngineTests.SaveAsync_WithIndexedFields_AppendsSingleEntrySaveBatchPayload" storage="d:\work\filestoragex\filestorage.infrastructure.tests\bin\debug\net9.0\filestorage.infrastructure.tests.dll" id="c2887d0f-ab74-2717-c9cd-02fb39b379cf">
      <Execution id="39af5f99-5085-49fa-8995-2ff290125d42" />
      <TestMethod codeBase="D:\Work\filestoragex\FileStorage.Infrastructure.Tests\bin\Debug\net9.0\FileStorage.Infrastructure.Tests.dll" adapterTypeName="executor://xunit/VsTestRunner2/netcoreapp" className="FileStorage.Infrastructure.Tests.StorageEngineTests" name="SaveAsync_WithIndexedFields_AppendsSingleEntrySaveBatchPayload" />
    </UnitTest>
    <UnitTest name="FileStorage.Infrastructure.Tests.Indexing.SecondaryIndex.SecondaryIndexManagerTests.TryDeleteFile_AlsoDeletesBloomSidecar" storage="d:\work\filestoragex\filestorage.infrastructure.tests\bin\debug\net9.0\filestorage.infrastructure.tests.dll" id="fe585033-af83-4e58-3b5b-4dc17019e836">
      <Execution id="a4276c1c-a335-48a0-bef5-cfea9ac10da8" />
      <TestMethod codeBase="D:\Work\filestoragex\FileStorage.Infrastructure.Tests\bin\Debug\net9.0\FileStorage.Infrastructure.Tests.dll" adapterTypeName="executor://xunit/VsTestRunner2/netcoreapp" className="FileStorage.Infrastructure.Tests.Indexing.SecondaryIndex.SecondaryIndexManagerTests" name="TryDeleteFile_AlsoDeletesBloomSidecar" />
    </UnitTest>
    <UnitTest name="FileStorage.Infrastructure.Tests.Recovery.RecoveryAndCheckpointBoundedContextTests.Recovery_WithInterruptedCompaction_RecoversBothTmpStates" storage="d:\work\filestoragex\filestorage.infrastructure.tests\bin\debug\net9.0\filestorage.infrastructure.tests.dll" id="ff66c26d-2009-49a4-269d-6260a04ca898">
      <Execution id="d740a7df-1daf-40a5-a613-d4e31c815855" />
      <TestMethod codeBase="D:\Work\filestoragex\FileStorage.Infrastructure.Tests\bin\Debug\net9.0\FileStorage.Infrastructure.Tests.dll" adapterTypeName="executor://xunit/VsTestRunner2/netcoreapp" className="FileStorage.Infrastructure.Tests.Recovery.RecoveryAndCheckpointBoundedContextTests" name="Recovery_WithInterruptedCompaction_RecoversBothTmpStates" />
    </UnitTest>
    <UnitTest name="FileStorage.Infrastructure.Tests.MmapRegionConcurrencyTests.MultipleOpenClose_DoesNotLeak" storage="d:\work\filestoragex\filestorage.infrastructure.tests\bin\debug\net9.0\filestorage.infrastructure.tests.dll" id="d4464808-2906-b6f4-cb58-17e78c95fa4f">
      <Execution id="b1cc7c9b-30c7-4698-b075-815e77779e24" />
      <TestMethod codeBase="D:\Work\filestoragex\FileStorage.Infrastructure.Tests\bin\Debug\net9.0\FileStorage.Infrastructure.Tests.dll" adapterTypeName="executor://xunit/VsTestRunner2/netcoreapp" className="FileStorage.Infrastructure.Tests.MmapRegionConcurrencyTests" name="MultipleOpenClose_DoesNotLeak" />
    </UnitTest>
    <UnitTest name="FileStorage.Infrastructure.Tests.Recovery.RecoveryAndCheckpointBoundedContextTests.Checkpoint_FlushesBeforeTruncation" storage="d:\work\filestoragex\filestorage.infrastructure.tests\bin\debug\net9.0\filestorage.infrastructure.tests.dll" id="3cd7fb4c-f2b7-b6e3-dcc9-aa2dadf13c89">
      <Execution id="bdbd7830-c7c1-4643-ac59-fd663d29f7c4" />
      <TestMethod codeBase="D:\Work\filestoragex\FileStorage.Infrastructure.Tests\bin\Debug\net9.0\FileStorage.Infrastructure.Tests.dll" adapterTypeName="executor://xunit/VsTestRunner2/netcoreapp" className="FileStorage.Infrastructure.Tests.Recovery.RecoveryAndCheckpointBoundedContextTests" name="Checkpoint_FlushesBeforeTruncation" />
    </UnitTest>
    <UnitTest name="FileStorage.Infrastructure.Tests.Indexing.SecondaryIndex.SecondaryIndexManagerTests.Compaction_WithManyOldSSTables_PerformsSwapEfficiently" storage="d:\work\filestoragex\filestorage.infrastructure.tests\bin\debug\net9.0\filestorage.infrastructure.tests.dll" id="41bbf4fb-8aa7-d944-39a7-d0f23133cccc">
      <Execution id="1659f7ba-7f8f-4c90-a4b3-c2d8917fb378" />
      <TestMethod codeBase="D:\Work\filestoragex\FileStorage.Infrastructure.Tests\bin\Debug\net9.0\FileStorage.Infrastructure.Tests.dll" adapterTypeName="executor://xunit/VsTestRunner2/netcoreapp" className="FileStorage.Infrastructure.Tests.Indexing.SecondaryIndex.SecondaryIndexManagerTests" name="Compaction_WithManyOldSSTables_PerformsSwapEfficiently" />
    </UnitTest>
    <UnitTest name="FileStorage.Infrastructure.Tests.WAL.WalEntrySerializerTests.Serialize_ReadBack_AllParts_AreConsistent" storage="d:\work\filestoragex\filestorage.infrastructure.tests\bin\debug\net9.0\filestorage.infrastructure.tests.dll" id="6907c03e-7794-ac96-5c06-f01b590f8d19">
      <Execution id="bc62b9ca-c733-4d21-a530-e1a2da1375cc" />
      <TestMethod codeBase="D:\Work\filestoragex\FileStorage.Infrastructure.Tests\bin\Debug\net9.0\FileStorage.Infrastructure.Tests.dll" adapterTypeName="executor://xunit/VsTestRunner2/netcoreapp" className="FileStorage.Infrastructure.Tests.WAL.WalEntrySerializerTests" name="Serialize_ReadBack_AllParts_AreConsistent" />
    </UnitTest>
    <UnitTest name="FileStorage.Infrastructure.Tests.Indexing.SecondaryIndex.SecondaryIndexManagerTests.RecoverCompaction_WithMergedButNoCOMPLETE_DeletesOldFiles" storage="d:\work\filestoragex\filestorage.infrastructure.tests\bin\debug\net9.0\filestorage.infrastructure.tests.dll" id="68cb6d55-fc60-9eba-3620-06ce79aa4ede">
      <Execution id="3a992dd2-ba86-40db-8679-1a05cfa27afd" />
      <TestMethod codeBase="D:\Work\filestoragex\FileStorage.Infrastructure.Tests\bin\Debug\net9.0\FileStorage.Infrastructure.Tests.dll" adapterTypeName="executor://xunit/VsTestRunner2/netcoreapp" className="FileStorage.Infrastructure.Tests.Indexing.SecondaryIndex.SecondaryIndexManagerTests" name="RecoverCompaction_WithMergedButNoCOMPLETE_DeletesOldFiles" />
    </UnitTest>
    <UnitTest name="FileStorage.Infrastructure.Tests.WAL.WriteAheadLogTests.ReadAllStreaming_WhenEnumerationStopsEarly_DoesNotTruncateValidWal" storage="d:\work\filestoragex\filestorage.infrastructure.tests\bin\debug\net9.0\filestorage.infrastructure.tests.dll" id="9c31ecc1-5a14-2d15-7b71-d323139a8b84">
      <Execution id="e35c4141-ee10-4272-9f1c-7536e4911ff4" />
      <TestMethod codeBase="D:\Work\filestoragex\FileStorage.Infrastructure.Tests\bin\Debug\net9.0\FileStorage.Infrastructure.Tests.dll" adapterTypeName="executor://xunit/VsTestRunner2/netcoreapp" className="FileStorage.Infrastructure.Tests.WAL.WriteAheadLogTests" name="ReadAllStreaming_WhenEnumerationStopsEarly_DoesNotTruncateValidWal" />
    </UnitTest>
    <UnitTest name="FileStorage.Infrastructure.Tests.Serialization.IndexEntrySerializerTests.Write_Throws_WhenBufferTooSmall" storage="d:\work\filestoragex\filestorage.infrastructure.tests\bin\debug\net9.0\filestorage.infrastructure.tests.dll" id="8d606a88-bf91-c035-5a63-3347dcb61e45">
      <Execution id="39c781e6-457f-49bc-8ec9-fd18bd6e5b2e" />
      <TestMethod codeBase="D:\Work\filestoragex\FileStorage.Infrastructure.Tests\bin\Debug\net9.0\FileStorage.Infrastructure.Tests.dll" adapterTypeName="executor://xunit/VsTestRunner2/netcoreapp" className="FileStorage.Infrastructure.Tests.Serialization.IndexEntrySerializerTests" name="Write_Throws_WhenBufferTooSmall" />
    </UnitTest>
    <UnitTest name="FileStorage.Infrastructure.Tests.Recovery.RecoveryAndCheckpointBoundedContextTests.WriteAheadLog_WithValidEntriesFollowedByGarbage_ReturnsOnlyValidAndTruncatesTail" storage="d:\work\filestoragex\filestorage.infrastructure.tests\bin\debug\net9.0\filestorage.infrastructure.tests.dll" id="c4346aa7-3f2d-f53b-401b-e36e2c789f08">
      <Execution id="07f38dcc-5dc4-4ac8-93e4-091196f99bd0" />
      <TestMethod codeBase="D:\Work\filestoragex\FileStorage.Infrastructure.Tests\bin\Debug\net9.0\FileStorage.Infrastructure.Tests.dll" adapterTypeName="executor://xunit/VsTestRunner2/netcoreapp" className="FileStorage.Infrastructure.Tests.Recovery.RecoveryAndCheckpointBoundedContextTests" name="WriteAheadLog_WithValidEntriesFollowedByGarbage_ReturnsOnlyValidAndTruncatesTail" />
    </UnitTest>
    <UnitTest name="FileStorage.Infrastructure.Tests.Indexing.SecondaryIndex.SecondaryIndexManagerTests.Put_FlushBoundary_UsesTotalMappings_NotDistinctKeyCount" storage="d:\work\filestoragex\filestorage.infrastructure.tests\bin\debug\net9.0\filestorage.infrastructure.tests.dll" id="b052c63f-f585-f97e-4215-058f591c025f">
      <Execution id="76b1e20b-21d1-4fda-bbf7-d7643882bb0a" />
      <TestMethod codeBase="D:\Work\filestoragex\FileStorage.Infrastructure.Tests\bin\Debug\net9.0\FileStorage.Infrastructure.Tests.dll" adapterTypeName="executor://xunit/VsTestRunner2/netcoreapp" className="FileStorage.Infrastructure.Tests.Indexing.SecondaryIndex.SecondaryIndexManagerTests" name="Put_FlushBoundary_UsesTotalMappings_NotDistinctKeyCount" />
    </UnitTest>
    <UnitTest name="FileStorage.Infrastructure.Tests.Indexing.SecondaryIndex.SparseIndexTests.FindStartOffset_ReturnsZero_WhenKeyIsBeforeFirstOrNoEntries" storage="d:\work\filestoragex\filestorage.infrastructure.tests\bin\debug\net9.0\filestorage.infrastructure.tests.dll" id="93a60fd5-f9c9-3cc1-8d27-f5d87c9c217f">
      <Execution id="ea1c7092-fd4e-492a-96c9-ad368e8edfec" />
      <TestMethod codeBase="D:\Work\filestoragex\FileStorage.Infrastructure.Tests\bin\Debug\net9.0\FileStorage.Infrastructure.Tests.dll" adapterTypeName="executor://xunit/VsTestRunner2/netcoreapp" className="FileStorage.Infrastructure.Tests.Indexing.SecondaryIndex.SparseIndexTests" name="FindStartOffset_ReturnsZero_WhenKeyIsBeforeFirstOrNoEntries" />
    </UnitTest>
    <UnitTest name="FileStorage.Infrastructure.Tests.Indexing.SecondaryIndex.SecondaryIndexManagerTests.DropAllIndexes_RemovesIndexDefinitionsForTable" storage="d:\work\filestoragex\filestorage.infrastructure.tests\bin\debug\net9.0\filestorage.infrastructure.tests.dll" id="facef068-8f6c-10c4-6cea-bb6310151ed6">
      <Execution id="293d0df4-5c57-4cad-8d42-256c5bd675ae" />
      <TestMethod codeBase="D:\Work\filestoragex\FileStorage.Infrastructure.Tests\bin\Debug\net9.0\FileStorage.Infrastructure.Tests.dll" adapterTypeName="executor://xunit/VsTestRunner2/netcoreapp" className="FileStorage.Infrastructure.Tests.Indexing.SecondaryIndex.SecondaryIndexManagerTests" name="DropAllIndexes_RemovesIndexDefinitionsForTable" />
    </UnitTest>
    <UnitTest name="FileStorage.Infrastructure.Tests.WAL.WriteAheadLogTests.ReadAll_WhenTailIsCorrupted_ReturnsValidPrefixOnly" storage="d:\work\filestoragex\filestorage.infrastructure.tests\bin\debug\net9.0\filestorage.infrastructure.tests.dll" id="5bf8bf3b-819c-0524-5a0f-f9d03ae0dcff">
      <Execution id="6120bfe0-3068-4e4b-b997-601afef26d9f" />
      <TestMethod codeBase="D:\Work\filestoragex\FileStorage.Infrastructure.Tests\bin\Debug\net9.0\FileStorage.Infrastructure.Tests.dll" adapterTypeName="executor://xunit/VsTestRunner2/netcoreapp" className="FileStorage.Infrastructure.Tests.WAL.WriteAheadLogTests" name="ReadAll_WhenTailIsCorrupted_ReturnsValidPrefixOnly" />
    </UnitTest>
    <UnitTest name="FileStorage.Infrastructure.Tests.WriteAheadLogConcurrencyTests.CorruptedTail_TruncatesCorrectly" storage="d:\work\filestoragex\filestorage.infrastructure.tests\bin\debug\net9.0\filestorage.infrastructure.tests.dll" id="8c53aa30-bfa2-8bf4-eb59-f5e83a786378">
      <Execution id="77e1a98e-9669-4952-927b-b1398b2d9a8a" />
      <TestMethod codeBase="D:\Work\filestoragex\FileStorage.Infrastructure.Tests\bin\Debug\net9.0\FileStorage.Infrastructure.Tests.dll" adapterTypeName="executor://xunit/VsTestRunner2/netcoreapp" className="FileStorage.Infrastructure.Tests.WriteAheadLogConcurrencyTests" name="CorruptedTail_TruncatesCorrectly" />
    </UnitTest>
    <UnitTest name="FileStorage.Infrastructure.Tests.Indexing.SecondaryIndex.MemTableTests.Freeze_ReturnsSortedSnapshot_AndClearsMemTable" storage="d:\work\filestoragex\filestorage.infrastructure.tests\bin\debug\net9.0\filestorage.infrastructure.tests.dll" id="9334e690-5714-1391-2722-4737b4f23875">
      <Execution id="396f1fec-9d5d-45ae-be40-e36385d498bf" />
      <TestMethod codeBase="D:\Work\filestoragex\FileStorage.Infrastructure.Tests\bin\Debug\net9.0\FileStorage.Infrastructure.Tests.dll" adapterTypeName="executor://xunit/VsTestRunner2/netcoreapp" className="FileStorage.Infrastructure.Tests.Indexing.SecondaryIndex.MemTableTests" name="Freeze_ReturnsSortedSnapshot_AndClearsMemTable" />
    </UnitTest>
    <UnitTest name="FileStorage.Infrastructure.Tests.Recovery.RecoveryAndCheckpointBoundedContextTests.RecoveryReplay_WithStaleOffsets_SkipsEntries" storage="d:\work\filestoragex\filestorage.infrastructure.tests\bin\debug\net9.0\filestorage.infrastructure.tests.dll" id="5b928fd1-bd99-9690-4833-4031701345a2">
      <Execution id="09d905bd-9007-403e-a8e2-357dd8f2bf65" />
      <TestMethod codeBase="D:\Work\filestoragex\FileStorage.Infrastructure.Tests\bin\Debug\net9.0\FileStorage.Infrastructure.Tests.dll" adapterTypeName="executor://xunit/VsTestRunner2/netcoreapp" className="FileStorage.Infrastructure.Tests.Recovery.RecoveryAndCheckpointBoundedContextTests" name="RecoveryReplay_WithStaleOffsets_SkipsEntries" />
    </UnitTest>
    <UnitTest name="FileStorage.Infrastructure.Tests.Indexing.SecondaryIndex.SecondaryIndexManagerTests.Compaction_WithSameInputSequence_ProducesSameLogicalResults" storage="d:\work\filestoragex\filestorage.infrastructure.tests\bin\debug\net9.0\filestorage.infrastructure.tests.dll" id="1cca80ce-d00d-ace1-02e4-30705264df39">
      <Execution id="1d03b608-777c-4461-abac-1bb026ee6d6b" />
      <TestMethod codeBase="D:\Work\filestoragex\FileStorage.Infrastructure.Tests\bin\Debug\net9.0\FileStorage.Infrastructure.Tests.dll" adapterTypeName="executor://xunit/VsTestRunner2/netcoreapp" className="FileStorage.Infrastructure.Tests.Indexing.SecondaryIndex.SecondaryIndexManagerTests" name="Compaction_WithSameInputSequence_ProducesSameLogicalResults" />
    </UnitTest>
    <UnitTest name="FileStorage.Infrastructure.Tests.Serialization.IndexEntrySerializerTests.Write_ThenReadBack_AllFields_AreConsistent" storage="d:\work\filestoragex\filestorage.infrastructure.tests\bin\debug\net9.0\filestorage.infrastructure.tests.dll" id="cc65b602-0b3d-a4b0-b98c-fc931894e219">
      <Execution id="1e876ec2-ea43-494d-8d21-b5fcf1b75b16" />
      <TestMethod codeBase="D:\Work\filestoragex\FileStorage.Infrastructure.Tests\bin\Debug\net9.0\FileStorage.Infrastructure.Tests.dll" adapterTypeName="executor://xunit/VsTestRunner2/netcoreapp" className="FileStorage.Infrastructure.Tests.Serialization.IndexEntrySerializerTests" name="Write_ThenReadBack_AllFields_AreConsistent" />
    </UnitTest>
    <UnitTest name="FileStorage.Infrastructure.Tests.Indexing.SecondaryIndex.BloomFilterTests.EmptyOrMissingFilter_IsAlwaysNegative" storage="d:\work\filestoragex\filestorage.infrastructure.tests\bin\debug\net9.0\filestorage.infrastructure.tests.dll" id="4d96f15a-5981-551f-dc94-c9420763c725">
      <Execution id="1f68b145-3265-45b4-b254-9812b785c7cc" />
      <TestMethod codeBase="D:\Work\filestoragex\FileStorage.Infrastructure.Tests\bin\Debug\net9.0\FileStorage.Infrastructure.Tests.dll" adapterTypeName="executor://xunit/VsTestRunner2/netcoreapp" className="FileStorage.Infrastructure.Tests.Indexing.SecondaryIndex.BloomFilterTests" name="EmptyOrMissingFilter_IsAlwaysNegative" />
    </UnitTest>
    <UnitTest name="FileStorage.Infrastructure.Tests.StorageEngineTests.SaveAsync_AppendsToWal_AndTracksCheckpoint" storage="d:\work\filestoragex\filestorage.infrastructure.tests\bin\debug\net9.0\filestorage.infrastructure.tests.dll" id="9957446a-e04b-ae05-f3ac-47758780ea11">
      <Execution id="0e0b9e51-f264-4cdf-9cb4-0eb3d6ebe230" />
      <TestMethod codeBase="D:\Work\filestoragex\FileStorage.Infrastructure.Tests\bin\Debug\net9.0\FileStorage.Infrastructure.Tests.dll" adapterTypeName="executor://xunit/VsTestRunner2/netcoreapp" className="FileStorage.Infrastructure.Tests.StorageEngineTests" name="SaveAsync_AppendsToWal_AndTracksCheckpoint" />
    </UnitTest>
    <UnitTest name="FileStorage.Infrastructure.Tests.Recovery.RecoveryAndCheckpointBoundedContextTests.Compaction_WithBothTmpFiles_DeletesBothAndPreservesOriginals" storage="d:\work\filestoragex\filestorage.infrastructure.tests\bin\debug\net9.0\filestorage.infrastructure.tests.dll" id="e784ba07-1b65-8224-cff0-0945621dd922">
      <Execution id="26140626-ae1e-4dfc-9e8b-4bcf4e7c529d" />
      <TestMethod codeBase="D:\Work\filestoragex\FileStorage.Infrastructure.Tests\bin\Debug\net9.0\FileStorage.Infrastructure.Tests.dll" adapterTypeName="executor://xunit/VsTestRunner2/netcoreapp" className="FileStorage.Infrastructure.Tests.Recovery.RecoveryAndCheckpointBoundedContextTests" name="Compaction_WithBothTmpFiles_DeletesBothAndPreservesOriginals" />
    </UnitTest>
    <UnitTest name="FileStorage.Infrastructure.Tests.StorageEngineLifecycleTests.Dispose_WaitsWhileWriteIsInProgress" storage="d:\work\filestoragex\filestorage.infrastructure.tests\bin\debug\net9.0\filestorage.infrastructure.tests.dll" id="829be13d-0a07-5594-41f7-37a65433223f">
      <Execution id="9389a466-d763-449e-aab7-a7f65ec39b9e" />
      <TestMethod codeBase="D:\Work\filestoragex\FileStorage.Infrastructure.Tests\bin\Debug\net9.0\FileStorage.Infrastructure.Tests.dll" adapterTypeName="executor://xunit/VsTestRunner2/netcoreapp" className="FileStorage.Infrastructure.Tests.StorageEngineLifecycleTests" name="Dispose_WaitsWhileWriteIsInProgress" />
    </UnitTest>
    <UnitTest name="FileStorage.Infrastructure.Tests.WAL.WalEntrySerializerTests.TryReadHeader_ReturnsFalse_WhenTableLenIsTooLarge" storage="d:\work\filestoragex\filestorage.infrastructure.tests\bin\debug\net9.0\filestorage.infrastructure.tests.dll" id="2a0c54c6-2f19-6828-398b-e25dfba77d44">
      <Execution id="1e895c12-32ec-4d89-9339-86b85e34d59d" />
      <TestMethod codeBase="D:\Work\filestoragex\FileStorage.Infrastructure.Tests\bin\Debug\net9.0\FileStorage.Infrastructure.Tests.dll" adapterTypeName="executor://xunit/VsTestRunner2/netcoreapp" className="FileStorage.Infrastructure.Tests.WAL.WalEntrySerializerTests" name="TryReadHeader_ReturnsFalse_WhenTableLenIsTooLarge" />
    </UnitTest>
    <UnitTest name="FileStorage.Infrastructure.Tests.WAL.WalBatchPayloadSerializerTests.Serialize_ThenTryDeserialize_Roundtrip_Succeeds" storage="d:\work\filestoragex\filestorage.infrastructure.tests\bin\debug\net9.0\filestorage.infrastructure.tests.dll" id="dbe2b92c-cc1e-8924-304f-625376c2e64a">
      <Execution id="dba9fbc7-8462-4016-9183-7511e1ff7f8e" />
      <TestMethod codeBase="D:\Work\filestoragex\FileStorage.Infrastructure.Tests\bin\Debug\net9.0\FileStorage.Infrastructure.Tests.dll" adapterTypeName="executor://xunit/VsTestRunner2/netcoreapp" className="FileStorage.Infrastructure.Tests.WAL.WalBatchPayloadSerializerTests" name="Serialize_ThenTryDeserialize_Roundtrip_Succeeds" />
    </UnitTest>
    <UnitTest name="FileStorage.Infrastructure.Tests.WAL.WalBatchPayloadSerializerTests.TryDeserialize_ReturnsFalse_WhenStartMarkerIsCorrupted" storage="d:\work\filestoragex\filestorage.infrastructure.tests\bin\debug\net9.0\filestorage.infrastructure.tests.dll" id="e409e6a7-be07-00c1-98b5-f0202b9dc8ed">
      <Execution id="e94e5cac-172e-4f73-9863-584fca7424f0" />
      <TestMethod codeBase="D:\Work\filestoragex\FileStorage.Infrastructure.Tests\bin\Debug\net9.0\FileStorage.Infrastructure.Tests.dll" adapterTypeName="executor://xunit/VsTestRunner2/netcoreapp" className="FileStorage.Infrastructure.Tests.WAL.WalBatchPayloadSerializerTests" name="TryDeserialize_ReturnsFalse_WhenStartMarkerIsCorrupted" />
    </UnitTest>
    <UnitTest name="FileStorage.Infrastructure.Tests.StorageEngineLifecycleTests.Dispose_WaitsWhileStreamIsInProgress" storage="d:\work\filestoragex\filestorage.infrastructure.tests\bin\debug\net9.0\filestorage.infrastructure.tests.dll" id="f1123ae2-51a4-670e-8746-ed1eb053a04f">
      <Execution id="7b84036e-8567-421e-a7d1-5aeffa1c26af" />
      <TestMethod codeBase="D:\Work\filestoragex\FileStorage.Infrastructure.Tests\bin\Debug\net9.0\FileStorage.Infrastructure.Tests.dll" adapterTypeName="executor://xunit/VsTestRunner2/netcoreapp" className="FileStorage.Infrastructure.Tests.StorageEngineLifecycleTests" name="Dispose_WaitsWhileStreamIsInProgress" />
    </UnitTest>
[...]
      <Execution id="8b6f8602-f613-4d6c-ab87-9ff632c4c921" />
      <TestMethod codeBase="D:\Work\filestoragex\FileStorage.Infrastructure.Tests\bin\Debug\net9.0\FileStorage.Infrastructure.Tests.dll" adapterTypeName="executor://xunit/VsTestRunner2/netcoreapp" className="FileStorage.Infrastructure.Tests.WAL.WalEntrySerializerTests" name="VerifyCrc_ReturnsFalse_WhenPayloadIsMutated" />
    </UnitTest>
    <UnitTest name="FileStorage.Infrastructure.Tests.StorageEngineTests.SaveAsync_UsesWalFirst_Order" storage="d:\work\filestoragex\filestorage.infrastructure.tests\bin\debug\net9.0\filestorage.infrastructure.tests.dll" id="ebdf2f99-9ac6-822b-b67c-29a316310715">
      <Execution id="69bb16b8-8ea4-432d-843a-83e42904dc32" />
      <TestMethod codeBase="D:\Work\filestoragex\FileStorage.Infrastructure.Tests\bin\Debug\net9.0\FileStorage.Infrastructure.Tests.dll" adapterTypeName="executor://xunit/VsTestRunner2/netcoreapp" className="FileStorage.Infrastructure.Tests.StorageEngineTests" name="SaveAsync_UsesWalFirst_Order" />
    </UnitTest>
    <UnitTest name="FileStorage.Infrastructure.Tests.RegionProviderConcurrencyTests.Reopen_DisposeOldRegion_NoUseAfterDispose" storage="d:\work\filestoragex\filestorage.infrastructure.tests\bin\debug\net9.0\filestorage.infrastructure.tests.dll" id="86a83203-95f8-1b66-8214-b9c920481474">
      <Execution id="850d4e8f-b62a-49aa-baab-9bc48735bea6" />
      <TestMethod codeBase="D:\Work\filestoragex\FileStorage.Infrastructure.Tests\bin\Debug\net9.0\FileStorage.Infrastructure.Tests.dll" adapterTypeName="executor://xunit/VsTestRunner2/netcoreapp" className="FileStorage.Infrastructure.Tests.RegionProviderConcurrencyTests" name="Reopen_DisposeOldRegion_NoUseAfterDispose" />
    </UnitTest>
    <UnitTest name="FileStorage.Infrastructure.Tests.Indexing.SecondaryIndex.SecondaryIndexManagerTests.RecoverCompaction_WithCompleteMarker_DeletesManifestCorrectly" storage="d:\work\filestoragex\filestorage.infrastructure.tests\bin\debug\net9.0\filestorage.infrastructure.tests.dll" id="f855592a-e94b-c792-8427-ecaf68764ad5">
      <Execution id="3e70158c-2b5f-4b0d-bd7c-9a24fbb52fba" />
      <TestMethod codeBase="D:\Work\filestoragex\FileStorage.Infrastructure.Tests\bin\Debug\net9.0\FileStorage.Infrastructure.Tests.dll" adapterTypeName="executor://xunit/VsTestRunner2/netcoreapp" className="FileStorage.Infrastructure.Tests.Indexing.SecondaryIndex.SecondaryIndexManagerTests" name="RecoverCompaction_WithCompleteMarker_DeletesManifestCorrectly" />
    </UnitTest>
    <UnitTest name="FileStorage.Infrastructure.Tests.Recovery.StorageRecoveryBatchTests.Initialize_ReplaysSaveBatch_WithExactOffsets" storage="d:\work\filestoragex\filestorage.infrastructure.tests\bin\debug\net9.0\filestorage.infrastructure.tests.dll" id="7515d42b-09ee-437f-f467-29e15107078e">
      <Execution id="5cdb2aad-a5ee-4493-965d-9949a5b26795" />
      <TestMethod codeBase="D:\Work\filestoragex\FileStorage.Infrastructure.Tests\bin\Debug\net9.0\FileStorage.Infrastructure.Tests.dll" adapterTypeName="executor://xunit/VsTestRunner2/netcoreapp" className="FileStorage.Infrastructure.Tests.Recovery.StorageRecoveryBatchTests" name="Initialize_ReplaysSaveBatch_WithExactOffsets" />
    </UnitTest>
    <UnitTest name="FileStorage.Infrastructure.Tests.Indexing.SecondaryIndex.SecondaryIndexManagerTests.PutRange_RemoveByKey_RemovesFromMemTableLookup" storage="d:\work\filestoragex\filestorage.infrastructure.tests\bin\debug\net9.0\filestorage.infrastructure.tests.dll" id="f90cf09b-eab2-8d3d-a601-d05003afd8bb">
      <Execution id="561a3f30-7b0f-4f75-8325-3174312cb398" />
      <TestMethod codeBase="D:\Work\filestoragex\FileStorage.Infrastructure.Tests\bin\Debug\net9.0\FileStorage.Infrastructure.Tests.dll" adapterTypeName="executor://xunit/VsTestRunner2/netcoreapp" className="FileStorage.Infrastructure.Tests.Indexing.SecondaryIndex.SecondaryIndexManagerTests" name="PutRange_RemoveByKey_RemovesFromMemTableLookup" />
    </UnitTest>
  </TestDefinitions>
  <TestEntries>
    <TestEntry testId="4e44dd3f-15af-81b1-b607-40ead13f8a4f" executionId="2a99919d-f504-4198-be12-a306b488aeb5" testListId="8c84fa94-04c1-424b-9868-57a2d4851a1d" />
    <TestEntry testId="5af4b0f4-b8de-c3e9-f88a-41e1bd4811ba" executionId="4a88160f-2d44-49b7-b2f1-a4619b1dd440" testListId="8c84fa94-04c1-424b-9868-57a2d4851a1d" />
    <TestEntry testId="ed3b8e8b-4017-b7b4-12e5-7146ccf37eac" executionId="5abceb2b-5b8e-456d-a624-de47198f5d41" testListId="8c84fa94-04c1-424b-9868-57a2d4851a1d" />
    <TestEntry testId="3a5bf957-6d89-2e54-2c87-0a8e1a2dcc2a" executionId="ed389c6c-763a-4056-b1c4-3ffcc0449882" testListId="8c84fa94-04c1-424b-9868-57a2d4851a1d" />
    <TestEntry testId="2dbb55a1-3909-6d58-334e-755c91f25435" executionId="d63b4dac-47a4-44c2-b7ac-254ebb18ee6a" testListId="8c84fa94-04c1-424b-9868-57a2d4851a1d" />
    <TestEntry testId="6907c03e-7794-ac96-5c06-f01b590f8d19" executionId="bc62b9ca-c733-4d21-a530-e1a2da1375cc" testListId="8c84fa94-04c1-424b-9868-57a2d4851a1d" />
    <TestEntry testId="299576fb-971e-3793-0f97-7cdc087594d7" executionId="b5a29d13-bb4c-43ea-a04d-6a340b3251f6" testListId="8c84fa94-04c1-424b-9868-57a2d4851a1d" />
    <TestEntry testId="93a60fd5-f9c9-3cc1-8d27-f5d87c9c217f" executionId="ea1c7092-fd4e-492a-96c9-ad368e8edfec" testListId="8c84fa94-04c1-424b-9868-57a2d4851a1d" />
    <TestEntry testId="ff376909-0fb5-d5cd-ead0-8fd00005af7d" executionId="1b71fcdb-916d-4032-977c-1e8c4425340b" testListId="8c84fa94-04c1-424b-9868-57a2d4851a1d" />
    <TestEntry testId="54e56e1b-72e9-ed4e-7b9b-bc032a64e0a4" executionId="9c78b1e2-41c9-4b43-864a-9fad51a7829e" testListId="8c84fa94-04c1-424b-9868-57a2d4851a1d" />
    <TestEntry testId="e409e6a7-be07-00c1-98b5-f0202b9dc8ed" executionId="e94e5cac-172e-4f73-9863-584fca7424f0" testListId="8c84fa94-04c1-424b-9868-57a2d4851a1d" />
    <TestEntry testId="373ee8da-d703-131b-90e1-295e7069e178" executionId="5974ad2e-3049-4bcf-b4a9-9919947a2aef" testListId="8c84fa94-04c1-424b-9868-57a2d4851a1d" />
    <TestEntry testId="43ab9d3d-eb4e-1406-e995-33386b9c88d2" executionId="b140aa14-8b4f-4006-9d20-98ec47929679" testListId="8c84fa94-04c1-424b-9868-57a2d4851a1d" />
    <TestEntry testId="f855592a-e94b-c792-8427-ecaf68764ad5" executionId="3e70158c-2b5f-4b0d-bd7c-9a24fbb52fba" testListId="8c84fa94-04c1-424b-9868-57a2d4851a1d" />
    <TestEntry testId="a87d1046-dbd0-e948-703c-7dd70a7a280f" executionId="b50b6fa9-1941-4202-a1ce-5cc0ce45d42a" testListId="8c84fa94-04c1-424b-9868-57a2d4851a1d" />
    <TestEntry testId="590b2ecf-2fc3-5937-2dc8-9dd25c422052" executionId="d0691809-419a-4d38-bab5-5b774f3a4b06" testListId="8c84fa94-04c1-424b-9868-57a2d4851a1d" />
    <TestEntry testId="5b928fd1-bd99-9690-4833-4031701345a2" executionId="09d905bd-9007-403e-a8e2-357dd8f2bf65" testListId="8c84fa94-04c1-424b-9868-57a2d4851a1d" />
    <TestEntry testId="97707edc-7fd5-805d-8dad-3608d7ec88ca" executionId="c8dbca19-7602-4c3f-b2f8-a93d4f828e89" testListId="8c84fa94-04c1-424b-9868-57a2d4851a1d" />
    <TestEntry testId="24de6d61-ad24-386a-a46a-5ae6eb2c9e08" executionId="47e81d9c-aba5-4cb7-a173-55b0f9a34d56" testListId="8c84fa94-04c1-424b-9868-57a2d4851a1d" />
    <TestEntry testId="92272a64-daca-b4c7-61ce-f54c6341dd3e" executionId="72427260-a421-42d2-a274-3ad270ce405d" testListId="8c84fa94-04c1-424b-9868-57a2d4851a1d" />
    <TestEntry testId="68cb6d55-fc60-9eba-3620-06ce79aa4ede" executionId="3a992dd2-ba86-40db-8679-1a05cfa27afd" testListId="8c84fa94-04c1-424b-9868-57a2d4851a1d" />
    <TestEntry testId="1d96dff2-f7ce-9cd2-34fd-e5568fce84bc" executionId="014b5272-3a85-44df-8090-d755d65e06aa" testListId="8c84fa94-04c1-424b-9868-57a2d4851a1d" />
    <TestEntry testId="c5e601c5-e141-cef8-4629-6ae34ab8a70b" executionId="499ebb8b-7da0-4fcb-bc92-cd8c2a220b84" testListId="8c84fa94-04c1-424b-9868-57a2d4851a1d" />
    <TestEntry testId="90bcf603-3fa9-52b4-059c-965bf346a39d" executionId="bceace1f-4f8d-433a-a374-8b88ad2c13bb" testListId="8c84fa94-04c1-424b-9868-57a2d4851a1d" />
    <TestEntry testId="b6627168-c44b-2304-65e0-03e37fc40a5f" executionId="120e2dd1-70cf-454e-88ea-10d9103eec0c" testListId="8c84fa94-04c1-424b-9868-57a2d4851a1d" />
    <TestEntry testId="9c31ecc1-5a14-2d15-7b71-d323139a8b84" executionId="e35c4141-ee10-4272-9f1c-7536e4911ff4" testListId="8c84fa94-04c1-424b-9868-57a2d4851a1d" />
    <TestEntry testId="35bb5659-de8c-c819-1259-353ccee63322" executionId="1e058a24-4698-43bf-966c-b151374fe0fc" testListId="8c84fa94-04c1-424b-9868-57a2d4851a1d" />
    <TestEntry testId="fe585033-af83-4e58-3b5b-4dc17019e836" executionId="a4276c1c-a335-48a0-bef5-cfea9ac10da8" testListId="8c84fa94-04c1-424b-9868-57a2d4851a1d" />
    <TestEntry testId="8d606a88-bf91-c035-5a63-3347dcb61e45" executionId="39c781e6-457f-49bc-8ec9-fd18bd6e5b2e" testListId="8c84fa94-04c1-424b-9868-57a2d4851a1d" />
    <TestEntry testId="dbe2b92c-cc1e-8924-304f-625376c2e64a" executionId="dba9fbc7-8462-4016-9183-7511e1ff7f8e" testListId="8c84fa94-04c1-424b-9868-57a2d4851a1d" />
    <TestEntry testId="61b8f9f6-eed0-d425-e5cd-97bb22571a19" executionId="64d9c3d8-00ba-41e5-911e-cf38375af46e" testListId="8c84fa94-04c1-424b-9868-57a2d4851a1d" />
    <TestEntry testId="7586a84c-1af0-0f9c-ef08-ca2a49a141ee" executionId="4a56263d-77a7-44c1-861a-39d8d7f7f986" testListId="8c84fa94-04c1-424b-9868-57a2d4851a1d" />
    <TestEntry testId="8c53aa30-bfa2-8bf4-eb59-f5e83a786378" executionId="77e1a98e-9669-4952-927b-b1398b2d9a8a" testListId="8c84fa94-04c1-424b-9868-57a2d4851a1d" />
    <TestEntry testId="f1123ae2-51a4-670e-8746-ed1eb053a04f" executionId="7b84036e-8567-421e-a7d1-5aeffa1c26af" testListId="8c84fa94-04c1-424b-9868-57a2d4851a1d" />
    <TestEntry testId="0d2b13a5-6b2a-1b51-3aaf-f8a1010bac6f" executionId="0fbe75d2-e698-450a-ac46-1e9ee9dd3fa7" testListId="8c84fa94-04c1-424b-9868-57a2d4851a1d" />
    <TestEntry testId="7515d42b-09ee-437f-f467-29e15107078e" executionId="5cdb2aad-a5ee-4493-965d-9949a5b26795" testListId="8c84fa94-04c1-424b-9868-57a2d4851a1d" />
    <TestEntry testId="41bbf4fb-8aa7-d944-39a7-d0f23133cccc" executionId="1659f7ba-7f8f-4c90-a4b3-c2d8917fb378" testListId="8c84fa94-04c1-424b-9868-57a2d4851a1d" />
    <TestEntry testId="bf500361-1db4-0731-8e3d-a5472eb0ad2d" executionId="6e9948a5-a4fb-4b43-b272-65eaef01ba96" testListId="8c84fa94-04c1-424b-9868-57a2d4851a1d" />
    <TestEntry testId="9ae53125-17ee-8ffa-1183-e0ea286bfbb7" executionId="6b2b32c6-da67-4a75-a510-eb09566bc2d4" testListId="8c84fa94-04c1-424b-9868-57a2d4851a1d" />
    <TestEntry testId="8bba8991-5b72-0c6e-20e7-2d128075424d" executionId="a53eee0b-fd43-442e-9b74-99b1840ca407" testListId="8c84fa94-04c1-424b-9868-57a2d4851a1d" />
    <TestEntry testId="8e1814b3-6b60-2de2-0ea5-c18ccff6b27d" executionId="ebe25920-6399-4f12-a63a-b74b01971964" testListId="8c84fa94-04c1-424b-9868-57a2d4851a1d" />
    <TestEntry testId="3cd7fb4c-f2b7-b6e3-dcc9-aa2dadf13c89" executionId="bdbd7830-c7c1-4643-ac59-fd663d29f7c4" testListId="8c84fa94-04c1-424b-9868-57a2d4851a1d" />
    <TestEntry testId="3fcb387f-a082-eb8e-5572-8756eae76fc5" executionId="34691f48-e77d-4df8-a5b9-b8c6b8ef119c" testListId="8c84fa94-04c1-424b-9868-57a2d4851a1d" />
    <TestEntry testId="ff66c26d-2009-49a4-269d-6260a04ca898" executionId="d740a7df-1daf-40a5-a613-d4e31c815855" testListId="8c84fa94-04c1-424b-9868-57a2d4851a1d" />
    <TestEntry testId="5a504f91-d511-4040-7f36-1d28d3dd8f01" executionId="5a19f72d-244c-4478-bb16-9ae301a5a4a8" testListId="8c84fa94-04c1-424b-9868-57a2d4851a1d" />
    <TestEntry testId="ebdf2f99-9ac6-822b-b67c-29a316310715" executionId="69bb16b8-8ea4-432d-843a-83e42904dc32" testListId="8c84fa94-04c1-424b-9868-57a2d4851a1d" />
    <TestEntry testId="cc65b602-0b3d-a4b0-b98c-fc931894e219" executionId="1e876ec2-ea43-494d-8d21-b5fcf1b75b16" testListId="8c84fa94-04c1-424b-9868-57a2d4851a1d" />
    <TestEntry testId="5bf8bf3b-819c-0524-5a0f-f9d03ae0dcff" executionId="6120bfe0-3068-4e4b-b997-601afef26d9f" testListId="8c84fa94-04c1-424b-9868-57a2d4851a1d" />
    <TestEntry testId="db174fbe-32bd-f24a-65a1-b4933d15c747" executionId="1ec34a05-4b3c-45ed-abe9-bdb1e4e69b28" testListId="8c84fa94-04c1-424b-9868-57a2d4851a1d" />
    <TestEntry testId="ca70edda-8382-88f9-7e58-8df55e158857" executionId="30b6f4ee-bc24-4cbf-8911-2250297a5dcb" testListId="8c84fa94-04c1-424b-9868-57a2d4851a1d" />
    <TestEntry testId="2cf11c7c-8968-fcaf-f265-4df417ec0b28" executionId="d30ba056-6676-4e37-9dd5-ecc101519d20" testListId="8c84fa94-04c1-424b-9868-57a2d4851a1d" />
    <TestEntry testId="9334e690-5714-1391-2722-4737b4f23875" executionId="396f1fec-9d5d-45ae-be40-e36385d498bf" testListId="8c84fa94-04c1-424b-9868-57a2d4851a1d" />
    <TestEntry testId="86a83203-95f8-1b66-8214-b9c920481474" executionId="850d4e8f-b62a-49aa-baab-9bc48735bea6" testListId="8c84fa94-04c1-424b-9868-57a2d4851a1d" />
    <TestEntry testId="7c2426bf-d88a-eb8a-8b68-60880710bec3" executionId="abc71f2d-5159-4454-affd-6a5a475bc75e" testListId="8c84fa94-04c1-424b-9868-57a2d4851a1d" />
    <TestEntry testId="facef068-8f6c-10c4-6cea-bb6310151ed6" executionId="293d0df4-5c57-4cad-8d42-256c5bd675ae" testListId="8c84fa94-04c1-424b-9868-57a2d4851a1d" />
    <TestEntry testId="00a5617a-3dfd-0e39-1cdc-840123ff38b6" executionId="eec3ad43-f3a4-4cab-9398-d8a65711b87b" testListId="8c84fa94-04c1-424b-9868-57a2d4851a1d" />
    <TestEntry testId="7ba60920-5a70-67c3-18a7-5c76e4a89d5e" executionId="fb029c95-5d62-4446-ae19-78c32606481a" testListId="8c84fa94-04c1-424b-9868-57a2d4851a1d" />
    <TestEntry testId="2a0c54c6-2f19-6828-398b-e25dfba77d44" executionId="1e895c12-32ec-4d89-9339-86b85e34d59d" testListId="8c84fa94-04c1-424b-9868-57a2d4851a1d" />
    <TestEntry testId="5e2c694b-afa1-28ce-535a-abd9ccfdc126" executionId="ab015a28-1f0c-4bd1-8095-33b377cdaf79" testListId="8c84fa94-04c1-424b-9868-57a2d4851a1d" />
    <TestEntry testId="4fb9772c-eefb-d0a2-5924-f94313429058" executionId="d504e585-43fa-4e2c-b3d1-8bba5365df96" testListId="8c84fa94-04c1-424b-9868-57a2d4851a1d" />
    <TestEntry testId="1cca80ce-d00d-ace1-02e4-30705264df39" executionId="1d03b608-777c-4461-abac-1bb026ee6d6b" testListId="8c84fa94-04c1-424b-9868-57a2d4851a1d" />
    <TestEntry testId="9251f8eb-a00c-d9e8-436d-4a4efdfec683" executionId="8b6f8602-f613-4d6c-ab87-9ff632c4c921" testListId="8c84fa94-04c1-424b-9868-57a2d4851a1d" />
    <TestEntry testId="63ab89e6-ac04-3c5c-6f8e-3d1b7a904d21" executionId="b7ccaa8f-9f60-49c2-854d-8bd19a34dbbf" testListId="8c84fa94-04c1-424b-9868-57a2d4851a1d" />
    <TestEntry testId="c9959973-59ec-0906-0e0f-ca0b4032c43e" executionId="56ed9834-2c6a-474f-afdb-9be1eabcaf75" testListId="8c84fa94-04c1-424b-9868-57a2d4851a1d" />
    <TestEntry testId="5e3cc19a-eac9-cb86-565e-b6416a8a4725" executionId="5f7c3bec-c065-48ae-bbc6-cefdfe4b7e08" testListId="8c84fa94-04c1-424b-9868-57a2d4851a1d" />
    <TestEntry testId="bb4adcc2-fc30-0e6e-af0e-2ccfa0ef8f90" executionId="39381494-e3c4-4ed2-8c9a-79f9698d36e4" testListId="8c84fa94-04c1-424b-9868-57a2d4851a1d" />
    <TestEntry testId="ae56adda-cc3c-ff2b-bd72-cedde0d27db9" executionId="579d7f9f-d29f-4520-aa04-99e8ec8a391a" testListId="8c84fa94-04c1-424b-9868-57a2d4851a1d" />
    <TestEntry testId="3b74ab01-3da5-a87d-27e0-f7ac4db6568c" executionId="1a2f17b0-c218-47d5-b219-c33bbf9c5f18" testListId="8c84fa94-04c1-424b-9868-57a2d4851a1d" />
    <TestEntry testId="541e1be7-335d-9b49-7ec5-83d95b3b58b6" executionId="194b4e3a-caa1-452a-955c-a385292fb5e5" testListId="8c84fa94-04c1-424b-9868-57a2d4851a1d" />
    <TestEntry testId="b0304b5d-fc81-e236-73d3-3997cbca889c" executionId="c6519f3c-b684-46aa-9c8a-fe9d76cfd5bd" testListId="8c84fa94-04c1-424b-9868-57a2d4851a1d" />
    <TestEntry testId="4d96f15a-5981-551f-dc94-c9420763c725" executionId="1f68b145-3265-45b4-b254-9812b785c7cc" testListId="8c84fa94-04c1-424b-9868-57a2d4851a1d" />
    <TestEntry testId="779f08e3-4833-765d-76ef-46640d20282e" executionId="f55fcdfa-3320-45af-8d83-c2e586055f03" testListId="8c84fa94-04c1-424b-9868-57a2d4851a1d" />
    <TestEntry testId="3507e11e-fb6a-ff57-bbfb-b382ccb40806" executionId="1bd28e61-9706-4ce4-836d-8d1916ddae1f" testListId="8c84fa94-04c1-424b-9868-57a2d4851a1d" />
    <TestEntry testId="f90cf09b-eab2-8d3d-a601-d05003afd8bb" executionId="561a3f30-7b0f-4f75-8325-3174312cb398" testListId="8c84fa94-04c1-424b-9868-57a2d4851a1d" />
    <TestEntry testId="9314ae95-ca48-f4c2-e8ef-762031683b6b" executionId="1c9ed1d3-385f-495a-b4ec-5e4a417d1084" testListId="8c84fa94-04c1-424b-9868-57a2d4851a1d" />
    <TestEntry testId="a62d41b2-ec1b-4d3d-9250-e88c719b7058" executionId="e12f12d9-6f1d-4fc7-80dc-7637ca3b7d8c" testListId="8c84fa94-04c1-424b-9868-57a2d4851a1d" />
    <TestEntry testId="579f5051-b08d-9411-f686-d30dd1b9cdeb" executionId="cadb07b1-e3a6-4067-a77b-711ff1220372" testListId="8c84fa94-04c1-424b-9868-57a2d4851a1d" />
    <TestEntry testId="d4464808-2906-b6f4-cb58-17e78c95fa4f" executionId="b1cc7c9b-30c7-4698-b075-815e77779e24" testListId="8c84fa94-04c1-424b-9868-57a2d4851a1d" />
    <TestEntry testId="829be13d-0a07-5594-41f7-37a65433223f" executionId="9389a466-d763-449e-aab7-a7f65ec39b9e" testListId="8c84fa94-04c1-424b-9868-57a2d4851a1d" />
    <TestEntry testId="959c6c96-55e3-a746-26e4-dd2e958959ac" executionId="d0b68054-a83a-4d5d-992f-6c5aa2a0f51f" testListId="8c84fa94-04c1-424b-9868-57a2d4851a1d" />
    <TestEntry testId="7aa01e95-9bc7-4fba-25ff-e60c07d966a0" executionId="4ee52ed7-c910-4ca7-8769-1e1ce8c75d0e" testListId="8c84fa94-04c1-424b-9868-57a2d4851a1d" />
    <TestEntry testId="b052c63f-f585-f97e-4215-058f591c025f" executionId="76b1e20b-21d1-4fda-bbf7-d7643882bb0a" testListId="8c84fa94-04c1-424b-9868-57a2d4851a1d" />
    <TestEntry testId="fb514f3d-9448-b6a1-fe41-639a08863b72" executionId="71508f72-6ecf-4cff-9fe1-86eb2fc4ed1c" testListId="8c84fa94-04c1-424b-9868-57a2d4851a1d" />
    <TestEntry testId="77dc7273-ae22-558a-8f1e-9b101d8c311c" executionId="c9e37181-c0db-41f9-885e-e5bf83af7005" testListId="8c84fa94-04c1-424b-9868-57a2d4851a1d" />
    <TestEntry testId="000106c7-beae-1bcd-709a-04a46e7e395a" executionId="7f137b6e-a711-44eb-9a85-7e7b5cf79b86" testListId="8c84fa94-04c1-424b-9868-57a2d4851a1d" />
    <TestEntry testId="e784ba07-1b65-8224-cff0-0945621dd922" executionId="26140626-ae1e-4dfc-9e8b-4bcf4e7c529d" testListId="8c84fa94-04c1-424b-9868-57a2d4851a1d" />
    <TestEntry testId="c4346aa7-3f2d-f53b-401b-e36e2c789f08" executionId="07f38dcc-5dc4-4ac8-93e4-091196f99bd0" testListId="8c84fa94-04c1-424b-9868-57a2d4851a1d" />
    <TestEntry testId="9957446a-e04b-ae05-f3ac-47758780ea11" executionId="0e0b9e51-f264-4cdf-9cb4-0eb3d6ebe230" testListId="8c84fa94-04c1-424b-9868-57a2d4851a1d" />
    <TestEntry testId="c2887d0f-ab74-2717-c9cd-02fb39b379cf" executionId="39af5f99-5085-49fa-8995-2ff290125d42" testListId="8c84fa94-04c1-424b-9868-57a2d4851a1d" />
    <TestEntry testId="68beeed9-064c-f199-3c0c-ebd01d81852f" executionId="3264d4ff-325d-43bd-8826-b775673531b8" testListId="8c84fa94-04c1-424b-9868-57a2d4851a1d" />
  </TestEntries>
  <TestLists>
    <TestList name="Results Not in a List" id="8c84fa94-04c1-424b-9868-57a2d4851a1d" />
    <TestList name="All Loaded Results" id="19431567-8539-422a-85d7-44ee4e166bda" />
  </TestLists>
  <ResultSummary outcome="Completed">
    <Counters total="90" executed="90" passed="90" failed="0" error="0" timeout="0" aborted="0" inconclusive="0" passedButRunAborted="0" notRunnable="0" notExecuted="0" disconnected="0" warning="0" completed="0" inProgress="0" pending="0" />
    <Output>
      <StdOut>[xUnit.net 00:00:00.00] xUnit.net VSTest Adapter v2.8.2+699d445a1a (64-bit .NET 9.0.14)&#xD;
[xUnit.net 00:00:00.05]   Discovering: FileStorage.Infrastructure.Tests&#xD;
[xUnit.net 00:00:00.07]   Discovered:  FileStorage.Infrastructure.Tests&#xD;
[xUnit.net 00:00:00.07]   Starting:    FileStorage.Infrastructure.Tests&#xD;
[xUnit.net 00:00:00.85]   Finished:    FileStorage.Infrastructure.Tests&#xD;
</StdOut>
    </Output>
  </ResultSummary>
</TestRun>